2023-03-08 16:45:34,931 - [run_main.py -->ling:27] - INFO: 开始执行测试套件.
2023-03-08 16:46:35,445 - [run_main.py -->ling:27] - INFO: 开始执行测试套件.
2023-03-08 16:46:35,486 - [test_ipc_web_api.py -->ling:42] - INFO: 获取魔镜token: D0978735-827B-1D44-9581-D2E69FD9B8C2
2023-03-08 16:46:35,603 - [run_main.py -->ling:29] - INFO: 测试套件执行结束.
2023-03-08 16:47:52,571 - [run_main.py -->ling:27] - INFO: 开始执行测试套件.
2023-03-08 16:47:53,596 - [test_ipc_web_api.py -->ling:42] - INFO: 获取魔镜token: 457B5DCC-5BC2-6845-8880-DCE87E9DEFED
2023-03-08 16:47:53,596 - [test_ipc_web_api.py -->ling:60] - INFO: 执行用例编号: IPCWeb-API-testcase__002
2023-03-08 16:47:54,751 - [test_ipc_web_api.py -->ling:88] - INFO: 用例断言成功!
2023-03-08 16:47:54,752 - [test_ipc_web_api.py -->ling:60] - INFO: 执行用例编号: IPCWeb-API-testcase__003
2023-03-08 16:47:55,881 - [test_ipc_web_api.py -->ling:88] - INFO: 用例断言成功!
2023-03-08 16:47:55,882 - [test_ipc_web_api.py -->ling:60] - INFO: 执行用例编号: IPCWeb-API-testcase__004
2023-03-08 16:47:57,020 - [test_ipc_web_api.py -->ling:88] - INFO: 用例断言成功!
2023-03-08 16:47:57,020 - [test_ipc_web_api.py -->ling:60] - INFO: 执行用例编号: IPCWeb-API-testcase__005
2023-03-08 16:47:57,142 - [test_ipc_web_api.py -->ling:88] - INFO: 用例断言成功!
2023-03-08 16:47:57,143 - [test_ipc_web_api.py -->ling:60] - INFO: 执行用例编号: IPCWeb-API-testcase__006
2023-03-08 16:47:58,263 - [test_ipc_web_api.py -->ling:88] - INFO: 用例断言成功!
2023-03-08 16:47:58,264 - [test_ipc_web_api.py -->ling:60] - INFO: 执行用例编号: IPCWeb-API-testcase__007
2023-03-08 16:47:59,390 - [test_ipc_web_api.py -->ling:88] - INFO: 用例断言成功!
2023-03-08 16:47:59,391 - [test_ipc_web_api.py -->ling:60] - INFO: 执行用例编号: IPCWeb-API-testcase__008
2023-03-08 16:48:00,507 - [test_ipc_web_api.py -->ling:88] - INFO: 用例断言成功!
2023-03-08 16:48:00,509 - [test_ipc_web_api.py -->ling:60] - INFO: 执行用例编号: IPCWeb-API-testcase__009
2023-03-08 16:48:01,677 - [test_ipc_web_api.py -->ling:88] - INFO: 用例断言成功!
2023-03-08 16:48:01,678 - [test_ipc_web_api.py -->ling:60] - INFO: 执行用例编号: IPCWeb-API-testcase__010
2023-03-08 16:48:01,813 - [test_ipc_web_api.py -->ling:88] - INFO: 用例断言成功!
2023-03-08 16:48:01,815 - [test_ipc_web_api.py -->ling:60] - INFO: 执行用例编号: IPCWeb-API-testcase__011
2023-03-08 16:48:02,947 - [test_ipc_web_api.py -->ling:88] - INFO: 用例断言成功!
2023-03-08 16:48:02,948 - [test_ipc_web_api.py -->ling:60] - INFO: 执行用例编号: IPCWeb-API-testcase__012
2023-03-08 16:48:04,076 - [test_ipc_web_api.py -->ling:88] - INFO: 用例断言成功!
2023-03-08 16:48:04,078 - [test_ipc_web_api.py -->ling:60] - INFO: 执行用例编号: IPCWeb-API-testcase__013
2023-03-08 16:48:05,213 - [test_ipc_web_api.py -->ling:88] - INFO: 用例断言成功!
2023-03-08 16:48:05,213 - [test_ipc_web_api.py -->ling:60] - INFO: 执行用例编号: IPCWeb-API-testcase__014
2023-03-08 16:48:05,245 - [test_ipc_web_api.py -->ling:60] - INFO: 执行用例编号: IPCWeb-API-testcase__015
2023-03-08 16:48:06,370 - [test_ipc_web_api.py -->ling:88] - INFO: 用例断言成功!
2023-03-08 16:48:06,371 - [test_ipc_web_api.py -->ling:60] - INFO: 执行用例编号: IPCWeb-API-testcase__016
2023-03-08 16:48:07,498 - [test_ipc_web_api.py -->ling:88] - INFO: 用例断言成功!
2023-03-08 16:48:07,499 - [test_ipc_web_api.py -->ling:60] - INFO: 执行用例编号: IPCWeb-API-testcase__017
2023-03-08 16:48:08,632 - [test_ipc_web_api.py -->ling:88] - INFO: 用例断言成功!
2023-03-08 16:48:08,633 - [test_ipc_web_api.py -->ling:60] - INFO: 执行用例编号: IPCWeb-API-testcase__018
2023-03-08 16:48:09,777 - [test_ipc_web_api.py -->ling:88] - INFO: 用例断言成功!
2023-03-08 16:48:09,778 - [test_ipc_web_api.py -->ling:60] - INFO: 执行用例编号: IPCWeb-API-testcase__019
2023-03-08 16:48:10,898 - [test_ipc_web_api.py -->ling:88] - INFO: 用例断言成功!
2023-03-08 16:48:10,899 - [test_ipc_web_api.py -->ling:60] - INFO: 执行用例编号: IPCWeb-API-testcase__020
2023-03-08 16:48:12,024 - [test_ipc_web_api.py -->ling:88] - INFO: 用例断言成功!
2023-03-08 16:48:12,025 - [test_ipc_web_api.py -->ling:60] - INFO: 执行用例编号: IPCWeb-API-testcase__021
2023-03-08 16:48:13,139 - [test_ipc_web_api.py -->ling:88] - INFO: 用例断言成功!
2023-03-08 16:48:13,140 - [test_ipc_web_api.py -->ling:60] - INFO: 执行用例编号: IPCWeb-API-testcase__022
2023-03-08 16:48:14,271 - [test_ipc_web_api.py -->ling:88] - INFO: 用例断言成功!
2023-03-08 16:48:14,272 - [test_ipc_web_api.py -->ling:60] - INFO: 执行用例编号: IPCWeb-API-testcase__023
2023-03-08 16:48:15,410 - [test_ipc_web_api.py -->ling:88] - INFO: 用例断言成功!
2023-03-08 16:48:15,411 - [test_ipc_web_api.py -->ling:60] - INFO: 执行用例编号: IPCWeb-API-testcase__024
2023-03-08 16:48:16,534 - [test_ipc_web_api.py -->ling:88] - INFO: 用例断言成功!
2023-03-08 16:48:16,535 - [test_ipc_web_api.py -->ling:60] - INFO: 执行用例编号: IPCWeb-API-testcase__025
2023-03-08 16:48:17,663 - [test_ipc_web_api.py -->ling:88] - INFO: 用例断言成功!
2023-03-08 16:48:17,664 - [test_ipc_web_api.py -->ling:60] - INFO: 执行用例编号: IPCWeb-API-testcase__026
2023-03-08 16:48:17,785 - [test_ipc_web_api.py -->ling:88] - INFO: 用例断言成功!
2023-03-08 16:48:17,785 - [test_ipc_web_api.py -->ling:60] - INFO: 执行用例编号: IPCWeb-API-testcase__027
2023-03-08 16:48:18,900 - [test_ipc_web_api.py -->ling:88] - INFO: 用例断言成功!
2023-03-08 16:48:18,901 - [test_ipc_web_api.py -->ling:60] - INFO: 执行用例编号: IPCWeb-API-testcase__028
2023-03-08 16:48:20,020 - [test_ipc_web_api.py -->ling:88] - INFO: 用例断言成功!
2023-03-08 16:48:20,021 - [test_ipc_web_api.py -->ling:60] - INFO: 执行用例编号: IPCWeb-API-testcase__029
2023-03-08 16:48:21,142 - [test_ipc_web_api.py -->ling:88] - INFO: 用例断言成功!
2023-03-08 16:48:21,143 - [test_ipc_web_api.py -->ling:60] - INFO: 执行用例编号: IPCWeb-API-testcase__030
2023-03-08 16:48:22,261 - [test_ipc_web_api.py -->ling:88] - INFO: 用例断言成功!
2023-03-08 16:48:22,262 - [test_ipc_web_api.py -->ling:60] - INFO: 执行用例编号: IPCWeb-API-testcase__031
2023-03-08 16:48:23,384 - [test_ipc_web_api.py -->ling:88] - INFO: 用例断言成功!
2023-03-08 16:48:23,385 - [test_ipc_web_api.py -->ling:60] - INFO: 执行用例编号: IPCWeb-API-testcase__032
2023-03-08 16:48:23,509 - [test_ipc_web_api.py -->ling:88] - INFO: 用例断言成功!
2023-03-08 16:48:23,510 - [test_ipc_web_api.py -->ling:60] - INFO: 执行用例编号: IPCWeb-API-testcase__033
2023-03-08 16:48:24,631 - [test_ipc_web_api.py -->ling:88] - INFO: 用例断言成功!
2023-03-08 16:48:24,632 - [test_ipc_web_api.py -->ling:60] - INFO: 执行用例编号: IPCWeb-API-testcase__034
2023-03-08 16:48:25,769 - [test_ipc_web_api.py -->ling:88] - INFO: 用例断言成功!
2023-03-08 16:48:25,769 - [test_ipc_web_api.py -->ling:60] - INFO: 执行用例编号: IPCWeb-API-testcase__035
2023-03-08 16:48:26,898 - [test_ipc_web_api.py -->ling:88] - INFO: 用例断言成功!
2023-03-08 16:48:26,899 - [test_ipc_web_api.py -->ling:60] - INFO: 执行用例编号: IPCWeb-API-testcase__036
2023-03-08 16:48:28,055 - [test_ipc_web_api.py -->ling:88] - INFO: 用例断言成功!
2023-03-08 16:48:28,056 - [test_ipc_web_api.py -->ling:60] - INFO: 执行用例编号: IPCWeb-API-testcase__037
2023-03-08 16:48:29,187 - [test_ipc_web_api.py -->ling:88] - INFO: 用例断言成功!
2023-03-08 16:48:29,188 - [test_ipc_web_api.py -->ling:60] - INFO: 执行用例编号: IPCWeb-API-testcase__038
2023-03-08 16:48:30,323 - [test_ipc_web_api.py -->ling:88] - INFO: 用例断言成功!
2023-03-08 16:48:30,324 - [test_ipc_web_api.py -->ling:60] - INFO: 执行用例编号: IPCWeb-API-testcase__039
2023-03-08 16:48:31,454 - [test_ipc_web_api.py -->ling:88] - INFO: 用例断言成功!
2023-03-08 16:48:31,455 - [test_ipc_web_api.py -->ling:60] - INFO: 执行用例编号: IPCWeb-API-testcase__040
2023-03-08 16:48:32,576 - [test_ipc_web_api.py -->ling:88] - INFO: 用例断言成功!
2023-03-08 16:48:32,577 - [test_ipc_web_api.py -->ling:60] - INFO: 执行用例编号: IPCWeb-API-testcase__041
2023-03-08 16:48:33,725 - [test_ipc_web_api.py -->ling:88] - INFO: 用例断言成功!
2023-03-08 16:48:33,726 - [test_ipc_web_api.py -->ling:60] - INFO: 执行用例编号: IPCWeb-API-testcase__042
2023-03-08 16:48:34,960 - [test_ipc_web_api.py -->ling:88] - INFO: 用例断言成功!
2023-03-08 16:48:34,968 - [test_ipc_web_api.py -->ling:60] - INFO: 执行用例编号: IPCWeb-API-testcase__043
2023-03-08 16:48:36,139 - [test_ipc_web_api.py -->ling:88] - INFO: 用例断言成功!
2023-03-08 16:48:36,140 - [test_ipc_web_api.py -->ling:60] - INFO: 执行用例编号: IPCWeb-API-testcase__044
2023-03-08 16:48:37,288 - [test_ipc_web_api.py -->ling:88] - INFO: 用例断言成功!
2023-03-08 16:48:37,290 - [test_ipc_web_api.py -->ling:60] - INFO: 执行用例编号: IPCWeb-API-testcase__045
2023-03-08 16:48:38,431 - [test_ipc_web_api.py -->ling:88] - INFO: 用例断言成功!
2023-03-08 16:48:38,431 - [test_ipc_web_api.py -->ling:60] - INFO: 执行用例编号: IPCWeb-API-testcase__046
2023-03-08 16:48:39,563 - [test_ipc_web_api.py -->ling:88] - INFO: 用例断言成功!
2023-03-08 16:48:39,564 - [test_ipc_web_api.py -->ling:60] - INFO: 执行用例编号: IPCWeb-API-testcase__047
2023-03-08 16:48:40,729 - [test_ipc_web_api.py -->ling:88] - INFO: 用例断言成功!
2023-03-08 16:48:40,730 - [test_ipc_web_api.py -->ling:60] - INFO: 执行用例编号: IPCWeb-API-testcase__048
2023-03-08 16:48:41,858 - [test_ipc_web_api.py -->ling:88] - INFO: 用例断言成功!
2023-03-08 16:48:41,926 - [run_main.py -->ling:29] - INFO: 测试套件执行结束.
2023-03-08 16:52:31,532 - [run_main.py -->ling:27] - INFO: 开始执行测试套件.
2023-03-08 16:52:32,543 - [test_ipc_web_api.py -->ling:42] - INFO: 获取魔镜token: 3541D60C-F05F-2B4A-9A3A-99D39ED21F2A
2023-03-08 16:52:32,544 - [test_ipc_web_api.py -->ling:60] - INFO: 执行用例编号: IPCWeb-API-testcase__002
2023-03-08 16:52:32,686 - [test_ipc_web_api.py -->ling:88] - INFO: 用例断言成功!
2023-03-08 16:52:32,689 - [test_ipc_web_api.py -->ling:60] - INFO: 执行用例编号: IPCWeb-API-testcase__003
2023-03-08 16:52:33,806 - [test_ipc_web_api.py -->ling:88] - INFO: 用例断言成功!
2023-03-08 16:52:33,807 - [test_ipc_web_api.py -->ling:60] - INFO: 执行用例编号: IPCWeb-API-testcase__004
2023-03-08 16:52:34,927 - [test_ipc_web_api.py -->ling:88] - INFO: 用例断言成功!
2023-03-08 16:52:34,928 - [test_ipc_web_api.py -->ling:60] - INFO: 执行用例编号: IPCWeb-API-testcase__005
2023-03-08 16:52:36,056 - [test_ipc_web_api.py -->ling:88] - INFO: 用例断言成功!
2023-03-08 16:52:36,057 - [test_ipc_web_api.py -->ling:60] - INFO: 执行用例编号: IPCWeb-API-testcase__006
2023-03-08 16:52:37,181 - [test_ipc_web_api.py -->ling:88] - INFO: 用例断言成功!
2023-03-08 16:52:37,182 - [test_ipc_web_api.py -->ling:60] - INFO: 执行用例编号: IPCWeb-API-testcase__007
2023-03-08 16:52:38,317 - [test_ipc_web_api.py -->ling:88] - INFO: 用例断言成功!
2023-03-08 16:52:38,318 - [test_ipc_web_api.py -->ling:60] - INFO: 执行用例编号: IPCWeb-API-testcase__008
2023-03-08 16:52:39,434 - [test_ipc_web_api.py -->ling:88] - INFO: 用例断言成功!
2023-03-08 16:52:39,435 - [test_ipc_web_api.py -->ling:60] - INFO: 执行用例编号: IPCWeb-API-testcase__009
2023-03-08 16:52:40,560 - [test_ipc_web_api.py -->ling:88] - INFO: 用例断言成功!
2023-03-08 16:52:40,560 - [test_ipc_web_api.py -->ling:60] - INFO: 执行用例编号: IPCWeb-API-testcase__010
2023-03-08 16:52:41,675 - [test_ipc_web_api.py -->ling:88] - INFO: 用例断言成功!
2023-03-08 16:52:41,676 - [test_ipc_web_api.py -->ling:60] - INFO: 执行用例编号: IPCWeb-API-testcase__011
2023-03-08 16:52:42,799 - [test_ipc_web_api.py -->ling:88] - INFO: 用例断言成功!
2023-03-08 16:52:42,800 - [test_ipc_web_api.py -->ling:60] - INFO: 执行用例编号: IPCWeb-API-testcase__012
2023-03-08 16:52:43,919 - [test_ipc_web_api.py -->ling:88] - INFO: 用例断言成功!
2023-03-08 16:52:43,919 - [test_ipc_web_api.py -->ling:60] - INFO: 执行用例编号: IPCWeb-API-testcase__013
2023-03-08 16:52:45,053 - [test_ipc_web_api.py -->ling:88] - INFO: 用例断言成功!
2023-03-08 16:52:45,053 - [test_ipc_web_api.py -->ling:60] - INFO: 执行用例编号: IPCWeb-API-testcase__014
2023-03-08 16:52:45,061 - [test_ipc_web_api.py -->ling:60] - INFO: 执行用例编号: IPCWeb-API-testcase__015
2023-03-08 16:52:46,189 - [test_ipc_web_api.py -->ling:88] - INFO: 用例断言成功!
2023-03-08 16:52:46,190 - [test_ipc_web_api.py -->ling:60] - INFO: 执行用例编号: IPCWeb-API-testcase__016
2023-03-08 16:52:47,309 - [test_ipc_web_api.py -->ling:88] - INFO: 用例断言成功!
2023-03-08 16:52:47,310 - [test_ipc_web_api.py -->ling:60] - INFO: 执行用例编号: IPCWeb-API-testcase__017
2023-03-08 16:52:47,428 - [test_ipc_web_api.py -->ling:88] - INFO: 用例断言成功!
2023-03-08 16:52:47,429 - [test_ipc_web_api.py -->ling:60] - INFO: 执行用例编号: IPCWeb-API-testcase__018
2023-03-08 16:52:48,548 - [test_ipc_web_api.py -->ling:88] - INFO: 用例断言成功!
2023-03-08 16:52:48,549 - [test_ipc_web_api.py -->ling:60] - INFO: 执行用例编号: IPCWeb-API-testcase__019
2023-03-08 16:52:49,739 - [test_ipc_web_api.py -->ling:88] - INFO: 用例断言成功!
2023-03-08 16:52:49,740 - [test_ipc_web_api.py -->ling:60] - INFO: 执行用例编号: IPCWeb-API-testcase__020
2023-03-08 16:52:50,861 - [test_ipc_web_api.py -->ling:88] - INFO: 用例断言成功!
2023-03-08 16:52:50,861 - [test_ipc_web_api.py -->ling:60] - INFO: 执行用例编号: IPCWeb-API-testcase__021
2023-03-08 16:52:51,977 - [test_ipc_web_api.py -->ling:88] - INFO: 用例断言成功!
2023-03-08 16:52:51,978 - [test_ipc_web_api.py -->ling:60] - INFO: 执行用例编号: IPCWeb-API-testcase__022
2023-03-08 16:52:53,097 - [test_ipc_web_api.py -->ling:88] - INFO: 用例断言成功!
2023-03-08 16:52:53,097 - [test_ipc_web_api.py -->ling:60] - INFO: 执行用例编号: IPCWeb-API-testcase__023
2023-03-08 16:52:54,227 - [test_ipc_web_api.py -->ling:88] - INFO: 用例断言成功!
2023-03-08 16:52:54,227 - [test_ipc_web_api.py -->ling:60] - INFO: 执行用例编号: IPCWeb-API-testcase__024
2023-03-08 16:52:55,353 - [test_ipc_web_api.py -->ling:88] - INFO: 用例断言成功!
2023-03-08 16:52:55,355 - [test_ipc_web_api.py -->ling:60] - INFO: 执行用例编号: IPCWeb-API-testcase__025
2023-03-08 16:52:56,492 - [test_ipc_web_api.py -->ling:88] - INFO: 用例断言成功!
2023-03-08 16:52:56,493 - [test_ipc_web_api.py -->ling:60] - INFO: 执行用例编号: IPCWeb-API-testcase__026
2023-03-08 16:52:57,635 - [test_ipc_web_api.py -->ling:88] - INFO: 用例断言成功!
2023-03-08 16:52:57,636 - [test_ipc_web_api.py -->ling:60] - INFO: 执行用例编号: IPCWeb-API-testcase__027
2023-03-08 16:52:58,759 - [test_ipc_web_api.py -->ling:88] - INFO: 用例断言成功!
2023-03-08 16:52:58,761 - [test_ipc_web_api.py -->ling:60] - INFO: 执行用例编号: IPCWeb-API-testcase__028
2023-03-08 16:52:58,881 - [test_ipc_web_api.py -->ling:88] - INFO: 用例断言成功!
2023-03-08 16:52:58,882 - [test_ipc_web_api.py -->ling:60] - INFO: 执行用例编号: IPCWeb-API-testcase__029
2023-03-08 16:53:00,001 - [test_ipc_web_api.py -->ling:88] - INFO: 用例断言成功!
2023-03-08 16:53:00,002 - [test_ipc_web_api.py -->ling:60] - INFO: 执行用例编号: IPCWeb-API-testcase__030
2023-03-08 16:53:01,126 - [test_ipc_web_api.py -->ling:88] - INFO: 用例断言成功!
2023-03-08 16:53:01,127 - [test_ipc_web_api.py -->ling:60] - INFO: 执行用例编号: IPCWeb-API-testcase__031
2023-03-08 16:53:01,250 - [test_ipc_web_api.py -->ling:88] - INFO: 用例断言成功!
2023-03-08 16:53:01,250 - [test_ipc_web_api.py -->ling:60] - INFO: 执行用例编号: IPCWeb-API-testcase__032
2023-03-08 16:53:02,381 - [test_ipc_web_api.py -->ling:88] - INFO: 用例断言成功!
2023-03-08 16:53:02,382 - [test_ipc_web_api.py -->ling:60] - INFO: 执行用例编号: IPCWeb-API-testcase__033
2023-03-08 16:53:03,516 - [test_ipc_web_api.py -->ling:88] - INFO: 用例断言成功!
2023-03-08 16:53:03,516 - [test_ipc_web_api.py -->ling:60] - INFO: 执行用例编号: IPCWeb-API-testcase__034
2023-03-08 16:53:04,637 - [test_ipc_web_api.py -->ling:88] - INFO: 用例断言成功!
2023-03-08 16:53:04,638 - [test_ipc_web_api.py -->ling:60] - INFO: 执行用例编号: IPCWeb-API-testcase__035
2023-03-08 16:53:05,817 - [test_ipc_web_api.py -->ling:88] - INFO: 用例断言成功!
2023-03-08 16:53:05,818 - [test_ipc_web_api.py -->ling:60] - INFO: 执行用例编号: IPCWeb-API-testcase__036
2023-03-08 16:53:06,946 - [test_ipc_web_api.py -->ling:88] - INFO: 用例断言成功!
2023-03-08 16:53:06,947 - [test_ipc_web_api.py -->ling:60] - INFO: 执行用例编号: IPCWeb-API-testcase__037
2023-03-08 16:53:08,077 - [test_ipc_web_api.py -->ling:88] - INFO: 用例断言成功!
2023-03-08 16:53:08,079 - [test_ipc_web_api.py -->ling:60] - INFO: 执行用例编号: IPCWeb-API-testcase__038
2023-03-08 16:53:09,201 - [test_ipc_web_api.py -->ling:88] - INFO: 用例断言成功!
2023-03-08 16:53:09,201 - [test_ipc_web_api.py -->ling:60] - INFO: 执行用例编号: IPCWeb-API-testcase__039
2023-03-08 16:53:10,332 - [test_ipc_web_api.py -->ling:88] - INFO: 用例断言成功!
2023-03-08 16:53:10,333 - [test_ipc_web_api.py -->ling:60] - INFO: 执行用例编号: IPCWeb-API-testcase__040
2023-03-08 16:53:11,469 - [test_ipc_web_api.py -->ling:88] - INFO: 用例断言成功!
2023-03-08 16:53:11,470 - [test_ipc_web_api.py -->ling:60] - INFO: 执行用例编号: IPCWeb-API-testcase__041
2023-03-08 16:53:12,588 - [test_ipc_web_api.py -->ling:88] - INFO: 用例断言成功!
2023-03-08 16:53:12,589 - [test_ipc_web_api.py -->ling:60] - INFO: 执行用例编号: IPCWeb-API-testcase__042
2023-03-08 16:53:13,711 - [test_ipc_web_api.py -->ling:88] - INFO: 用例断言成功!
2023-03-08 16:53:13,712 - [test_ipc_web_api.py -->ling:60] - INFO: 执行用例编号: IPCWeb-API-testcase__043
2023-03-08 16:53:14,829 - [test_ipc_web_api.py -->ling:88] - INFO: 用例断言成功!
2023-03-08 16:53:14,830 - [test_ipc_web_api.py -->ling:60] - INFO: 执行用例编号: IPCWeb-API-testcase__044
2023-03-08 16:53:14,953 - [test_ipc_web_api.py -->ling:88] - INFO: 用例断言成功!
2023-03-08 16:53:14,953 - [test_ipc_web_api.py -->ling:60] - INFO: 执行用例编号: IPCWeb-API-testcase__045
2023-03-08 16:53:16,068 - [test_ipc_web_api.py -->ling:88] - INFO: 用例断言成功!
2023-03-08 16:53:16,069 - [test_ipc_web_api.py -->ling:60] - INFO: 执行用例编号: IPCWeb-API-testcase__046
2023-03-08 16:53:17,188 - [test_ipc_web_api.py -->ling:88] - INFO: 用例断言成功!
2023-03-08 16:53:17,189 - [test_ipc_web_api.py -->ling:60] - INFO: 执行用例编号: IPCWeb-API-testcase__047
2023-03-08 16:53:18,319 - [test_ipc_web_api.py -->ling:88] - INFO: 用例断言成功!
2023-03-08 16:53:18,320 - [test_ipc_web_api.py -->ling:60] - INFO: 执行用例编号: IPCWeb-API-testcase__048
2023-03-08 16:53:19,440 - [test_ipc_web_api.py -->ling:88] - INFO: 用例断言成功!
2023-03-08 16:53:19,514 - [run_main.py -->ling:29] - INFO: 测试套件执行结束.
2023-03-08 17:00:51,400 - [run_main.py -->ling:27] - INFO: 开始执行测试套件.
2023-03-08 17:00:52,425 - [test_ipc_web_api.py -->ling:42] - INFO: 获取魔镜token: D4B39B37-591E-824F-9077-380B9BDF78A5
2023-03-08 17:00:52,425 - [test_ipc_web_api.py -->ling:60] - INFO: 执行用例编号: IPCWeb-API-testcase__002
2023-03-08 17:00:53,569 - [test_ipc_web_api.py -->ling:88] - WARNING: 用例断言成功!
2023-03-08 17:00:53,571 - [test_ipc_web_api.py -->ling:60] - INFO: 执行用例编号: IPCWeb-API-testcase__003
2023-03-08 17:00:54,711 - [test_ipc_web_api.py -->ling:88] - WARNING: 用例断言成功!
2023-03-08 17:00:54,723 - [test_ipc_web_api.py -->ling:60] - INFO: 执行用例编号: IPCWeb-API-testcase__004
2023-03-08 17:00:55,850 - [test_ipc_web_api.py -->ling:88] - WARNING: 用例断言成功!
2023-03-08 17:00:55,851 - [test_ipc_web_api.py -->ling:60] - INFO: 执行用例编号: IPCWeb-API-testcase__005
2023-03-08 17:00:56,963 - [test_ipc_web_api.py -->ling:88] - WARNING: 用例断言成功!
2023-03-08 17:00:56,964 - [test_ipc_web_api.py -->ling:60] - INFO: 执行用例编号: IPCWeb-API-testcase__006
2023-03-08 17:00:58,080 - [test_ipc_web_api.py -->ling:88] - WARNING: 用例断言成功!
2023-03-08 17:00:58,081 - [test_ipc_web_api.py -->ling:60] - INFO: 执行用例编号: IPCWeb-API-testcase__007
2023-03-08 17:00:59,206 - [test_ipc_web_api.py -->ling:88] - WARNING: 用例断言成功!
2023-03-08 17:00:59,207 - [test_ipc_web_api.py -->ling:60] - INFO: 执行用例编号: IPCWeb-API-testcase__008
2023-03-08 17:01:00,332 - [test_ipc_web_api.py -->ling:88] - WARNING: 用例断言成功!
2023-03-08 17:01:00,332 - [test_ipc_web_api.py -->ling:60] - INFO: 执行用例编号: IPCWeb-API-testcase__009
2023-03-08 17:01:01,441 - [test_ipc_web_api.py -->ling:88] - WARNING: 用例断言成功!
2023-03-08 17:01:01,442 - [test_ipc_web_api.py -->ling:60] - INFO: 执行用例编号: IPCWeb-API-testcase__010
2023-03-08 17:01:01,560 - [test_ipc_web_api.py -->ling:88] - WARNING: 用例断言成功!
2023-03-08 17:01:01,560 - [test_ipc_web_api.py -->ling:60] - INFO: 执行用例编号: IPCWeb-API-testcase__011
2023-03-08 17:01:02,672 - [test_ipc_web_api.py -->ling:88] - WARNING: 用例断言成功!
2023-03-08 17:01:02,673 - [test_ipc_web_api.py -->ling:60] - INFO: 执行用例编号: IPCWeb-API-testcase__012
2023-03-08 17:01:03,787 - [test_ipc_web_api.py -->ling:88] - WARNING: 用例断言成功!
2023-03-08 17:01:03,788 - [test_ipc_web_api.py -->ling:60] - INFO: 执行用例编号: IPCWeb-API-testcase__013
2023-03-08 17:01:04,947 - [test_ipc_web_api.py -->ling:88] - WARNING: 用例断言成功!
2023-03-08 17:01:04,948 - [test_ipc_web_api.py -->ling:60] - INFO: 执行用例编号: IPCWeb-API-testcase__014
2023-03-08 17:01:04,976 - [test_ipc_web_api.py -->ling:60] - INFO: 执行用例编号: IPCWeb-API-testcase__015
2023-03-08 17:01:06,104 - [test_ipc_web_api.py -->ling:88] - WARNING: 用例断言成功!
2023-03-08 17:01:06,105 - [test_ipc_web_api.py -->ling:60] - INFO: 执行用例编号: IPCWeb-API-testcase__016
2023-03-08 17:01:07,237 - [test_ipc_web_api.py -->ling:88] - WARNING: 用例断言成功!
2023-03-08 17:01:07,237 - [test_ipc_web_api.py -->ling:60] - INFO: 执行用例编号: IPCWeb-API-testcase__017
2023-03-08 17:01:08,364 - [test_ipc_web_api.py -->ling:88] - WARNING: 用例断言成功!
2023-03-08 17:01:08,365 - [test_ipc_web_api.py -->ling:60] - INFO: 执行用例编号: IPCWeb-API-testcase__018
2023-03-08 17:01:09,481 - [test_ipc_web_api.py -->ling:88] - WARNING: 用例断言成功!
2023-03-08 17:01:09,482 - [test_ipc_web_api.py -->ling:60] - INFO: 执行用例编号: IPCWeb-API-testcase__019
2023-03-08 17:01:09,599 - [test_ipc_web_api.py -->ling:88] - WARNING: 用例断言成功!
2023-03-08 17:01:09,599 - [test_ipc_web_api.py -->ling:60] - INFO: 执行用例编号: IPCWeb-API-testcase__020
2023-03-08 17:01:10,712 - [test_ipc_web_api.py -->ling:88] - WARNING: 用例断言成功!
2023-03-08 17:01:10,713 - [test_ipc_web_api.py -->ling:60] - INFO: 执行用例编号: IPCWeb-API-testcase__021
2023-03-08 17:01:11,830 - [test_ipc_web_api.py -->ling:88] - WARNING: 用例断言成功!
2023-03-08 17:01:11,831 - [test_ipc_web_api.py -->ling:60] - INFO: 执行用例编号: IPCWeb-API-testcase__022
2023-03-08 17:01:12,940 - [test_ipc_web_api.py -->ling:88] - WARNING: 用例断言成功!
2023-03-08 17:01:12,941 - [test_ipc_web_api.py -->ling:60] - INFO: 执行用例编号: IPCWeb-API-testcase__023
2023-03-08 17:01:14,083 - [test_ipc_web_api.py -->ling:88] - WARNING: 用例断言成功!
2023-03-08 17:01:14,083 - [test_ipc_web_api.py -->ling:60] - INFO: 执行用例编号: IPCWeb-API-testcase__024
2023-03-08 17:01:15,215 - [test_ipc_web_api.py -->ling:88] - WARNING: 用例断言成功!
2023-03-08 17:01:15,216 - [test_ipc_web_api.py -->ling:60] - INFO: 执行用例编号: IPCWeb-API-testcase__025
2023-03-08 17:01:16,348 - [test_ipc_web_api.py -->ling:88] - WARNING: 用例断言成功!
2023-03-08 17:01:16,348 - [test_ipc_web_api.py -->ling:60] - INFO: 执行用例编号: IPCWeb-API-testcase__026
2023-03-08 17:01:17,470 - [test_ipc_web_api.py -->ling:88] - WARNING: 用例断言成功!
2023-03-08 17:01:17,471 - [test_ipc_web_api.py -->ling:60] - INFO: 执行用例编号: IPCWeb-API-testcase__027
2023-03-08 17:01:18,588 - [test_ipc_web_api.py -->ling:88] - WARNING: 用例断言成功!
2023-03-08 17:01:18,589 - [test_ipc_web_api.py -->ling:60] - INFO: 执行用例编号: IPCWeb-API-testcase__028
2023-03-08 17:01:19,724 - [test_ipc_web_api.py -->ling:88] - WARNING: 用例断言成功!
2023-03-08 17:01:19,725 - [test_ipc_web_api.py -->ling:60] - INFO: 执行用例编号: IPCWeb-API-testcase__029
2023-03-08 17:01:20,900 - [test_ipc_web_api.py -->ling:88] - WARNING: 用例断言成功!
2023-03-08 17:01:20,901 - [test_ipc_web_api.py -->ling:60] - INFO: 执行用例编号: IPCWeb-API-testcase__030
2023-03-08 17:01:21,076 - [test_ipc_web_api.py -->ling:88] - WARNING: 用例断言成功!
2023-03-08 17:01:21,079 - [test_ipc_web_api.py -->ling:60] - INFO: 执行用例编号: IPCWeb-API-testcase__031
2023-03-08 17:01:26,040 - [run_main.py -->ling:27] - INFO: 开始执行测试套件.
2023-03-08 17:01:27,051 - [test_ipc_web_api.py -->ling:42] - INFO: 获取魔镜token: 6ACF559F-C8FE-9F4B-899C-D59FF99ECC52
2023-03-08 17:01:27,051 - [test_ipc_web_api.py -->ling:60] - INFO: 执行用例编号: IPCWeb-API-testcase__002
2023-03-08 17:01:27,197 - [test_ipc_web_api.py -->ling:88] - WARNING: 用例断言成功!
2023-03-08 17:01:27,199 - [test_ipc_web_api.py -->ling:60] - INFO: 执行用例编号: IPCWeb-API-testcase__003
2023-03-08 17:01:28,314 - [test_ipc_web_api.py -->ling:88] - WARNING: 用例断言成功!
2023-03-08 17:01:28,314 - [test_ipc_web_api.py -->ling:60] - INFO: 执行用例编号: IPCWeb-API-testcase__004
2023-03-08 17:01:29,436 - [test_ipc_web_api.py -->ling:88] - WARNING: 用例断言成功!
2023-03-08 17:01:29,437 - [test_ipc_web_api.py -->ling:60] - INFO: 执行用例编号: IPCWeb-API-testcase__005
2023-03-08 17:01:30,551 - [test_ipc_web_api.py -->ling:88] - WARNING: 用例断言成功!
2023-03-08 17:01:30,552 - [test_ipc_web_api.py -->ling:60] - INFO: 执行用例编号: IPCWeb-API-testcase__006
2023-03-08 17:01:31,705 - [test_ipc_web_api.py -->ling:88] - WARNING: 用例断言成功!
2023-03-08 17:01:31,706 - [test_ipc_web_api.py -->ling:60] - INFO: 执行用例编号: IPCWeb-API-testcase__007
2023-03-08 17:01:32,820 - [test_ipc_web_api.py -->ling:88] - WARNING: 用例断言成功!
2023-03-08 17:01:32,821 - [test_ipc_web_api.py -->ling:60] - INFO: 执行用例编号: IPCWeb-API-testcase__008
2023-03-08 17:01:33,930 - [test_ipc_web_api.py -->ling:88] - WARNING: 用例断言成功!
2023-03-08 17:01:33,931 - [test_ipc_web_api.py -->ling:60] - INFO: 执行用例编号: IPCWeb-API-testcase__009
2023-03-08 17:01:35,039 - [test_ipc_web_api.py -->ling:88] - WARNING: 用例断言成功!
2023-03-08 17:01:35,040 - [test_ipc_web_api.py -->ling:60] - INFO: 执行用例编号: IPCWeb-API-testcase__010
2023-03-08 17:01:36,148 - [test_ipc_web_api.py -->ling:88] - WARNING: 用例断言成功!
2023-03-08 17:01:36,149 - [test_ipc_web_api.py -->ling:60] - INFO: 执行用例编号: IPCWeb-API-testcase__011
2023-03-08 17:01:36,265 - [test_ipc_web_api.py -->ling:88] - WARNING: 用例断言成功!
2023-03-08 17:01:36,266 - [test_ipc_web_api.py -->ling:60] - INFO: 执行用例编号: IPCWeb-API-testcase__012
2023-03-08 17:01:37,379 - [test_ipc_web_api.py -->ling:88] - WARNING: 用例断言成功!
2023-03-08 17:01:37,379 - [test_ipc_web_api.py -->ling:60] - INFO: 执行用例编号: IPCWeb-API-testcase__013
2023-03-08 17:01:38,500 - [test_ipc_web_api.py -->ling:88] - WARNING: 用例断言成功!
2023-03-08 17:01:38,501 - [test_ipc_web_api.py -->ling:60] - INFO: 执行用例编号: IPCWeb-API-testcase__014
2023-03-08 17:01:38,514 - [test_ipc_web_api.py -->ling:60] - INFO: 执行用例编号: IPCWeb-API-testcase__015
2023-03-08 17:01:38,629 - [test_ipc_web_api.py -->ling:88] - WARNING: 用例断言成功!
2023-03-08 17:01:38,629 - [test_ipc_web_api.py -->ling:60] - INFO: 执行用例编号: IPCWeb-API-testcase__016
2023-03-08 17:01:39,739 - [test_ipc_web_api.py -->ling:88] - WARNING: 用例断言成功!
2023-03-08 17:01:39,740 - [test_ipc_web_api.py -->ling:60] - INFO: 执行用例编号: IPCWeb-API-testcase__017
2023-03-08 17:01:39,895 - [test_ipc_web_api.py -->ling:88] - WARNING: 用例断言成功!
2023-03-08 17:01:39,895 - [test_ipc_web_api.py -->ling:60] - INFO: 执行用例编号: IPCWeb-API-testcase__018
2023-03-08 17:01:40,016 - [test_ipc_web_api.py -->ling:88] - WARNING: 用例断言成功!
2023-03-08 17:01:40,017 - [test_ipc_web_api.py -->ling:60] - INFO: 执行用例编号: IPCWeb-API-testcase__019
2023-03-08 17:01:41,145 - [test_ipc_web_api.py -->ling:88] - WARNING: 用例断言成功!
2023-03-08 17:01:41,146 - [test_ipc_web_api.py -->ling:60] - INFO: 执行用例编号: IPCWeb-API-testcase__020
2023-03-08 17:01:42,263 - [test_ipc_web_api.py -->ling:88] - WARNING: 用例断言成功!
2023-03-08 17:01:42,264 - [test_ipc_web_api.py -->ling:60] - INFO: 执行用例编号: IPCWeb-API-testcase__021
2023-03-08 17:01:43,382 - [test_ipc_web_api.py -->ling:88] - WARNING: 用例断言成功!
2023-03-08 17:01:43,383 - [test_ipc_web_api.py -->ling:60] - INFO: 执行用例编号: IPCWeb-API-testcase__022
2023-03-08 17:01:44,500 - [test_ipc_web_api.py -->ling:88] - WARNING: 用例断言成功!
2023-03-08 17:01:44,501 - [test_ipc_web_api.py -->ling:60] - INFO: 执行用例编号: IPCWeb-API-testcase__023
2023-03-08 17:01:45,619 - [test_ipc_web_api.py -->ling:88] - WARNING: 用例断言成功!
2023-03-08 17:01:45,620 - [test_ipc_web_api.py -->ling:60] - INFO: 执行用例编号: IPCWeb-API-testcase__024
2023-03-08 17:01:46,733 - [test_ipc_web_api.py -->ling:88] - WARNING: 用例断言成功!
2023-03-08 17:01:46,734 - [test_ipc_web_api.py -->ling:60] - INFO: 执行用例编号: IPCWeb-API-testcase__025
2023-03-08 17:01:47,871 - [test_ipc_web_api.py -->ling:88] - WARNING: 用例断言成功!
2023-03-08 17:01:47,872 - [test_ipc_web_api.py -->ling:60] - INFO: 执行用例编号: IPCWeb-API-testcase__026
2023-03-08 17:01:48,991 - [test_ipc_web_api.py -->ling:88] - WARNING: 用例断言成功!
2023-03-08 17:01:48,992 - [test_ipc_web_api.py -->ling:60] - INFO: 执行用例编号: IPCWeb-API-testcase__027
2023-03-08 17:01:50,119 - [test_ipc_web_api.py -->ling:88] - WARNING: 用例断言成功!
2023-03-08 17:01:50,120 - [test_ipc_web_api.py -->ling:60] - INFO: 执行用例编号: IPCWeb-API-testcase__028
2023-03-08 17:01:51,232 - [test_ipc_web_api.py -->ling:88] - WARNING: 用例断言成功!
2023-03-08 17:01:51,233 - [test_ipc_web_api.py -->ling:60] - INFO: 执行用例编号: IPCWeb-API-testcase__029
2023-03-08 17:01:52,350 - [test_ipc_web_api.py -->ling:88] - WARNING: 用例断言成功!
2023-03-08 17:01:52,351 - [test_ipc_web_api.py -->ling:60] - INFO: 执行用例编号: IPCWeb-API-testcase__030
2023-03-08 17:01:53,472 - [test_ipc_web_api.py -->ling:88] - WARNING: 用例断言成功!
2023-03-08 17:01:53,473 - [test_ipc_web_api.py -->ling:60] - INFO: 执行用例编号: IPCWeb-API-testcase__031
2023-03-08 17:01:54,601 - [test_ipc_web_api.py -->ling:88] - WARNING: 用例断言成功!
2023-03-08 17:01:54,602 - [test_ipc_web_api.py -->ling:60] - INFO: 执行用例编号: IPCWeb-API-testcase__032
2023-03-08 17:01:55,725 - [test_ipc_web_api.py -->ling:88] - WARNING: 用例断言成功!
2023-03-08 17:01:55,725 - [test_ipc_web_api.py -->ling:60] - INFO: 执行用例编号: IPCWeb-API-testcase__033
2023-03-08 17:01:56,845 - [test_ipc_web_api.py -->ling:88] - WARNING: 用例断言成功!
2023-03-08 17:01:56,845 - [test_ipc_web_api.py -->ling:60] - INFO: 执行用例编号: IPCWeb-API-testcase__034
2023-03-08 17:01:57,963 - [test_ipc_web_api.py -->ling:88] - WARNING: 用例断言成功!
2023-03-08 17:01:57,964 - [test_ipc_web_api.py -->ling:60] - INFO: 执行用例编号: IPCWeb-API-testcase__035
2023-03-08 17:01:58,081 - [test_ipc_web_api.py -->ling:88] - WARNING: 用例断言成功!
2023-03-08 17:01:58,082 - [test_ipc_web_api.py -->ling:60] - INFO: 执行用例编号: IPCWeb-API-testcase__036
2023-03-08 17:01:58,209 - [test_ipc_web_api.py -->ling:88] - WARNING: 用例断言成功!
2023-03-08 17:01:58,209 - [test_ipc_web_api.py -->ling:60] - INFO: 执行用例编号: IPCWeb-API-testcase__037
2023-03-08 17:01:59,327 - [test_ipc_web_api.py -->ling:88] - WARNING: 用例断言成功!
2023-03-08 17:01:59,328 - [test_ipc_web_api.py -->ling:60] - INFO: 执行用例编号: IPCWeb-API-testcase__038
2023-03-08 17:02:00,441 - [test_ipc_web_api.py -->ling:88] - WARNING: 用例断言成功!
2023-03-08 17:02:00,441 - [test_ipc_web_api.py -->ling:60] - INFO: 执行用例编号: IPCWeb-API-testcase__039
2023-03-08 17:02:00,562 - [test_ipc_web_api.py -->ling:88] - WARNING: 用例断言成功!
2023-03-08 17:02:00,563 - [test_ipc_web_api.py -->ling:60] - INFO: 执行用例编号: IPCWeb-API-testcase__040
2023-03-08 17:02:01,685 - [test_ipc_web_api.py -->ling:88] - WARNING: 用例断言成功!
2023-03-08 17:02:01,686 - [test_ipc_web_api.py -->ling:60] - INFO: 执行用例编号: IPCWeb-API-testcase__041
2023-03-08 17:02:02,814 - [test_ipc_web_api.py -->ling:88] - WARNING: 用例断言成功!
2023-03-08 17:02:02,814 - [test_ipc_web_api.py -->ling:60] - INFO: 执行用例编号: IPCWeb-API-testcase__042
2023-03-08 17:02:02,958 - [test_ipc_web_api.py -->ling:88] - WARNING: 用例断言成功!
2023-03-08 17:02:02,963 - [test_ipc_web_api.py -->ling:60] - INFO: 执行用例编号: IPCWeb-API-testcase__043
2023-03-08 17:02:04,140 - [test_ipc_web_api.py -->ling:88] - WARNING: 用例断言成功!
2023-03-08 17:02:04,155 - [test_ipc_web_api.py -->ling:60] - INFO: 执行用例编号: IPCWeb-API-testcase__044
2023-03-08 17:02:04,378 - [test_ipc_web_api.py -->ling:88] - WARNING: 用例断言成功!
2023-03-08 17:02:04,379 - [test_ipc_web_api.py -->ling:60] - INFO: 执行用例编号: IPCWeb-API-testcase__045
2023-03-08 17:02:05,516 - [test_ipc_web_api.py -->ling:88] - WARNING: 用例断言成功!
2023-03-08 17:02:05,518 - [test_ipc_web_api.py -->ling:60] - INFO: 执行用例编号: IPCWeb-API-testcase__046
2023-03-08 17:02:06,683 - [test_ipc_web_api.py -->ling:88] - WARNING: 用例断言成功!
2023-03-08 17:02:06,690 - [test_ipc_web_api.py -->ling:60] - INFO: 执行用例编号: IPCWeb-API-testcase__047
2023-03-08 17:02:07,884 - [test_ipc_web_api.py -->ling:88] - WARNING: 用例断言成功!
2023-03-08 17:02:07,886 - [test_ipc_web_api.py -->ling:60] - INFO: 执行用例编号: IPCWeb-API-testcase__048
2023-03-08 17:02:08,027 - [test_ipc_web_api.py -->ling:88] - WARNING: 用例断言成功!
2023-03-08 17:02:08,111 - [run_main.py -->ling:29] - INFO: 测试套件执行结束.
2023-03-08 17:02:48,196 - [run_main.py -->ling:27] - INFO: 开始执行测试套件.
2023-03-08 17:02:49,225 - [test_ipc_web_api.py -->ling:42] - INFO: 获取魔镜token: 2951185C-8CE8-034C-94E3-C5393619DCD1
2023-03-08 17:02:49,225 - [test_ipc_web_api.py -->ling:60] - INFO: 执行用例编号: IPCWeb-API-testcase__002
2023-03-08 17:02:50,396 - [test_ipc_web_api.py -->ling:88] - WARNING: 用例断言成功!
2023-03-08 17:02:50,396 - [test_ipc_web_api.py -->ling:60] - INFO: 执行用例编号: IPCWeb-API-testcase__003
2023-03-08 17:02:51,569 - [test_ipc_web_api.py -->ling:88] - WARNING: 用例断言成功!
2023-03-08 17:02:51,571 - [test_ipc_web_api.py -->ling:60] - INFO: 执行用例编号: IPCWeb-API-testcase__004
2023-03-08 17:02:52,705 - [test_ipc_web_api.py -->ling:88] - WARNING: 用例断言成功!
2023-03-08 17:02:52,705 - [test_ipc_web_api.py -->ling:60] - INFO: 执行用例编号: IPCWeb-API-testcase__005
2023-03-08 17:02:53,839 - [test_ipc_web_api.py -->ling:88] - WARNING: 用例断言成功!
2023-03-08 17:02:53,840 - [test_ipc_web_api.py -->ling:60] - INFO: 执行用例编号: IPCWeb-API-testcase__006
2023-03-08 17:02:55,129 - [test_ipc_web_api.py -->ling:88] - WARNING: 用例断言成功!
2023-03-08 17:02:55,131 - [test_ipc_web_api.py -->ling:60] - INFO: 执行用例编号: IPCWeb-API-testcase__007
2023-03-08 17:02:56,259 - [test_ipc_web_api.py -->ling:88] - WARNING: 用例断言成功!
2023-03-08 17:02:56,260 - [test_ipc_web_api.py -->ling:60] - INFO: 执行用例编号: IPCWeb-API-testcase__008
2023-03-08 17:02:57,377 - [test_ipc_web_api.py -->ling:88] - WARNING: 用例断言成功!
2023-03-08 17:02:57,378 - [test_ipc_web_api.py -->ling:60] - INFO: 执行用例编号: IPCWeb-API-testcase__009
2023-03-08 17:02:58,491 - [test_ipc_web_api.py -->ling:88] - WARNING: 用例断言成功!
2023-03-08 17:02:58,491 - [test_ipc_web_api.py -->ling:60] - INFO: 执行用例编号: IPCWeb-API-testcase__010
2023-03-08 17:02:59,615 - [test_ipc_web_api.py -->ling:88] - WARNING: 用例断言成功!
2023-03-08 17:02:59,616 - [test_ipc_web_api.py -->ling:60] - INFO: 执行用例编号: IPCWeb-API-testcase__011
2023-03-08 17:03:00,742 - [test_ipc_web_api.py -->ling:88] - WARNING: 用例断言成功!
2023-03-08 17:03:00,743 - [test_ipc_web_api.py -->ling:60] - INFO: 执行用例编号: IPCWeb-API-testcase__012
2023-03-08 17:03:00,878 - [test_ipc_web_api.py -->ling:88] - WARNING: 用例断言成功!
2023-03-08 17:03:00,879 - [test_ipc_web_api.py -->ling:60] - INFO: 执行用例编号: IPCWeb-API-testcase__013
2023-03-08 17:03:01,999 - [test_ipc_web_api.py -->ling:88] - WARNING: 用例断言成功!
2023-03-08 17:03:01,999 - [test_ipc_web_api.py -->ling:60] - INFO: 执行用例编号: IPCWeb-API-testcase__014
2023-03-08 17:03:02,006 - [test_ipc_web_api.py -->ling:60] - INFO: 执行用例编号: IPCWeb-API-testcase__015
2023-03-08 17:03:03,121 - [test_ipc_web_api.py -->ling:88] - WARNING: 用例断言成功!
2023-03-08 17:03:03,122 - [test_ipc_web_api.py -->ling:60] - INFO: 执行用例编号: IPCWeb-API-testcase__016
2023-03-08 17:03:04,244 - [test_ipc_web_api.py -->ling:88] - WARNING: 用例断言成功!
2023-03-08 17:03:04,245 - [test_ipc_web_api.py -->ling:60] - INFO: 执行用例编号: IPCWeb-API-testcase__017
2023-03-08 17:03:05,390 - [test_ipc_web_api.py -->ling:88] - WARNING: 用例断言成功!
2023-03-08 17:03:05,390 - [test_ipc_web_api.py -->ling:60] - INFO: 执行用例编号: IPCWeb-API-testcase__018
2023-03-08 17:03:06,509 - [test_ipc_web_api.py -->ling:88] - WARNING: 用例断言成功!
2023-03-08 17:03:06,510 - [test_ipc_web_api.py -->ling:60] - INFO: 执行用例编号: IPCWeb-API-testcase__019
2023-03-08 17:03:06,637 - [test_ipc_web_api.py -->ling:88] - WARNING: 用例断言成功!
2023-03-08 17:03:06,637 - [test_ipc_web_api.py -->ling:60] - INFO: 执行用例编号: IPCWeb-API-testcase__020
2023-03-08 17:03:07,753 - [test_ipc_web_api.py -->ling:88] - WARNING: 用例断言成功!
2023-03-08 17:03:07,754 - [test_ipc_web_api.py -->ling:60] - INFO: 执行用例编号: IPCWeb-API-testcase__021
2023-03-08 17:03:08,893 - [test_ipc_web_api.py -->ling:88] - WARNING: 用例断言成功!
2023-03-08 17:03:08,893 - [test_ipc_web_api.py -->ling:60] - INFO: 执行用例编号: IPCWeb-API-testcase__022
2023-03-08 17:03:10,075 - [test_ipc_web_api.py -->ling:88] - WARNING: 用例断言成功!
2023-03-08 17:03:10,076 - [test_ipc_web_api.py -->ling:60] - INFO: 执行用例编号: IPCWeb-API-testcase__023
2023-03-08 17:03:11,192 - [test_ipc_web_api.py -->ling:88] - WARNING: 用例断言成功!
2023-03-08 17:03:11,193 - [test_ipc_web_api.py -->ling:60] - INFO: 执行用例编号: IPCWeb-API-testcase__024
2023-03-08 17:03:12,316 - [test_ipc_web_api.py -->ling:88] - WARNING: 用例断言成功!
2023-03-08 17:03:12,316 - [test_ipc_web_api.py -->ling:60] - INFO: 执行用例编号: IPCWeb-API-testcase__025
2023-03-08 17:03:13,468 - [test_ipc_web_api.py -->ling:88] - WARNING: 用例断言成功!
2023-03-08 17:03:13,468 - [test_ipc_web_api.py -->ling:60] - INFO: 执行用例编号: IPCWeb-API-testcase__026
2023-03-08 17:03:14,594 - [test_ipc_web_api.py -->ling:88] - WARNING: 用例断言成功!
2023-03-08 17:03:14,595 - [test_ipc_web_api.py -->ling:60] - INFO: 执行用例编号: IPCWeb-API-testcase__027
2023-03-08 17:03:15,732 - [test_ipc_web_api.py -->ling:88] - WARNING: 用例断言成功!
2023-03-08 17:03:15,733 - [test_ipc_web_api.py -->ling:60] - INFO: 执行用例编号: IPCWeb-API-testcase__028
2023-03-08 17:03:15,858 - [test_ipc_web_api.py -->ling:88] - WARNING: 用例断言成功!
2023-03-08 17:03:15,859 - [test_ipc_web_api.py -->ling:60] - INFO: 执行用例编号: IPCWeb-API-testcase__029
2023-03-08 17:03:17,010 - [test_ipc_web_api.py -->ling:88] - WARNING: 用例断言成功!
2023-03-08 17:03:17,011 - [test_ipc_web_api.py -->ling:60] - INFO: 执行用例编号: IPCWeb-API-testcase__030
2023-03-08 17:03:17,157 - [test_ipc_web_api.py -->ling:88] - WARNING: 用例断言成功!
2023-03-08 17:03:17,159 - [test_ipc_web_api.py -->ling:60] - INFO: 执行用例编号: IPCWeb-API-testcase__031
2023-03-08 17:03:18,300 - [test_ipc_web_api.py -->ling:88] - WARNING: 用例断言成功!
2023-03-08 17:03:18,303 - [test_ipc_web_api.py -->ling:60] - INFO: 执行用例编号: IPCWeb-API-testcase__032
2023-03-08 17:03:19,424 - [test_ipc_web_api.py -->ling:88] - WARNING: 用例断言成功!
2023-03-08 17:03:19,425 - [test_ipc_web_api.py -->ling:60] - INFO: 执行用例编号: IPCWeb-API-testcase__033
2023-03-08 17:03:19,542 - [test_ipc_web_api.py -->ling:88] - WARNING: 用例断言成功!
2023-03-08 17:03:19,543 - [test_ipc_web_api.py -->ling:60] - INFO: 执行用例编号: IPCWeb-API-testcase__034
2023-03-08 17:03:20,662 - [test_ipc_web_api.py -->ling:88] - WARNING: 用例断言成功!
2023-03-08 17:03:20,663 - [test_ipc_web_api.py -->ling:60] - INFO: 执行用例编号: IPCWeb-API-testcase__035
2023-03-08 17:03:21,783 - [test_ipc_web_api.py -->ling:88] - WARNING: 用例断言成功!
2023-03-08 17:03:21,784 - [test_ipc_web_api.py -->ling:60] - INFO: 执行用例编号: IPCWeb-API-testcase__036
2023-03-08 17:03:22,935 - [test_ipc_web_api.py -->ling:88] - WARNING: 用例断言成功!
2023-03-08 17:03:22,936 - [test_ipc_web_api.py -->ling:60] - INFO: 执行用例编号: IPCWeb-API-testcase__037
2023-03-08 17:03:24,060 - [test_ipc_web_api.py -->ling:88] - WARNING: 用例断言成功!
2023-03-08 17:03:24,061 - [test_ipc_web_api.py -->ling:60] - INFO: 执行用例编号: IPCWeb-API-testcase__038
2023-03-08 17:03:24,180 - [test_ipc_web_api.py -->ling:88] - WARNING: 用例断言成功!
2023-03-08 17:03:24,181 - [test_ipc_web_api.py -->ling:60] - INFO: 执行用例编号: IPCWeb-API-testcase__039
2023-03-08 17:03:25,291 - [test_ipc_web_api.py -->ling:88] - WARNING: 用例断言成功!
2023-03-08 17:03:25,292 - [test_ipc_web_api.py -->ling:60] - INFO: 执行用例编号: IPCWeb-API-testcase__040
2023-03-08 17:03:26,412 - [test_ipc_web_api.py -->ling:88] - WARNING: 用例断言成功!
2023-03-08 17:03:26,413 - [test_ipc_web_api.py -->ling:60] - INFO: 执行用例编号: IPCWeb-API-testcase__041
2023-03-08 17:03:27,556 - [test_ipc_web_api.py -->ling:88] - WARNING: 用例断言成功!
2023-03-08 17:03:27,557 - [test_ipc_web_api.py -->ling:60] - INFO: 执行用例编号: IPCWeb-API-testcase__042
2023-03-08 17:03:28,682 - [test_ipc_web_api.py -->ling:88] - WARNING: 用例断言成功!
2023-03-08 17:03:28,683 - [test_ipc_web_api.py -->ling:60] - INFO: 执行用例编号: IPCWeb-API-testcase__043
2023-03-08 17:03:29,827 - [test_ipc_web_api.py -->ling:88] - WARNING: 用例断言成功!
2023-03-08 17:03:29,828 - [test_ipc_web_api.py -->ling:60] - INFO: 执行用例编号: IPCWeb-API-testcase__044
2023-03-08 17:03:30,950 - [test_ipc_web_api.py -->ling:88] - WARNING: 用例断言成功!
2023-03-08 17:03:30,950 - [test_ipc_web_api.py -->ling:60] - INFO: 执行用例编号: IPCWeb-API-testcase__045
2023-03-08 17:03:32,083 - [test_ipc_web_api.py -->ling:88] - WARNING: 用例断言成功!
2023-03-08 17:03:32,085 - [test_ipc_web_api.py -->ling:60] - INFO: 执行用例编号: IPCWeb-API-testcase__046
2023-03-08 17:03:33,200 - [test_ipc_web_api.py -->ling:88] - WARNING: 用例断言成功!
2023-03-08 17:03:33,201 - [test_ipc_web_api.py -->ling:60] - INFO: 执行用例编号: IPCWeb-API-testcase__047
2023-03-08 17:03:34,346 - [test_ipc_web_api.py -->ling:88] - WARNING: 用例断言成功!
2023-03-08 17:03:34,346 - [test_ipc_web_api.py -->ling:60] - INFO: 执行用例编号: IPCWeb-API-testcase__048
2023-03-08 17:03:35,468 - [test_ipc_web_api.py -->ling:88] - WARNING: 用例断言成功!
2023-03-08 17:03:35,531 - [run_main.py -->ling:29] - INFO: 测试套件执行结束.
2023-03-08 17:04:13,892 - [run_main.py -->ling:27] - INFO: 开始执行测试套件.
2023-03-08 17:04:14,933 - [test_ipc_web_api.py -->ling:42] - INFO: 获取魔镜token: 4E751039-8B0F-5140-AFA9-03B98D187A4B
2023-03-08 17:04:14,934 - [test_ipc_web_api.py -->ling:60] - INFO: 执行用例编号: IPCWeb-API-testcase__002
2023-03-08 17:04:15,212 - [test_ipc_web_api.py -->ling:88] - WARNING: 用例断言成功!
2023-03-08 17:04:15,213 - [test_ipc_web_api.py -->ling:60] - INFO: 执行用例编号: IPCWeb-API-testcase__003
2023-03-08 17:04:16,486 - [test_ipc_web_api.py -->ling:88] - WARNING: 用例断言成功!
2023-03-08 17:04:16,487 - [test_ipc_web_api.py -->ling:60] - INFO: 执行用例编号: IPCWeb-API-testcase__004
2023-03-08 17:04:17,755 - [test_ipc_web_api.py -->ling:88] - WARNING: 用例断言成功!
2023-03-08 17:04:17,756 - [test_ipc_web_api.py -->ling:60] - INFO: 执行用例编号: IPCWeb-API-testcase__005
2023-03-08 17:04:19,035 - [test_ipc_web_api.py -->ling:88] - WARNING: 用例断言成功!
2023-03-08 17:04:19,036 - [test_ipc_web_api.py -->ling:60] - INFO: 执行用例编号: IPCWeb-API-testcase__006
2023-03-08 17:04:20,312 - [test_ipc_web_api.py -->ling:88] - WARNING: 用例断言成功!
2023-03-08 17:04:20,313 - [test_ipc_web_api.py -->ling:60] - INFO: 执行用例编号: IPCWeb-API-testcase__007
2023-03-08 17:04:21,609 - [test_ipc_web_api.py -->ling:88] - WARNING: 用例断言成功!
2023-03-08 17:04:21,611 - [test_ipc_web_api.py -->ling:60] - INFO: 执行用例编号: IPCWeb-API-testcase__008
2023-03-08 17:04:22,897 - [test_ipc_web_api.py -->ling:88] - WARNING: 用例断言成功!
2023-03-08 17:04:22,899 - [test_ipc_web_api.py -->ling:60] - INFO: 执行用例编号: IPCWeb-API-testcase__009
2023-03-08 17:04:24,175 - [test_ipc_web_api.py -->ling:88] - WARNING: 用例断言成功!
2023-03-08 17:04:24,176 - [test_ipc_web_api.py -->ling:60] - INFO: 执行用例编号: IPCWeb-API-testcase__010
2023-03-08 17:04:25,444 - [test_ipc_web_api.py -->ling:88] - WARNING: 用例断言成功!
2023-03-08 17:04:25,445 - [test_ipc_web_api.py -->ling:60] - INFO: 执行用例编号: IPCWeb-API-testcase__011
2023-03-08 17:04:26,716 - [test_ipc_web_api.py -->ling:88] - WARNING: 用例断言成功!
2023-03-08 17:04:26,718 - [test_ipc_web_api.py -->ling:60] - INFO: 执行用例编号: IPCWeb-API-testcase__012
2023-03-08 17:04:26,995 - [test_ipc_web_api.py -->ling:88] - WARNING: 用例断言成功!
2023-03-08 17:04:26,996 - [test_ipc_web_api.py -->ling:60] - INFO: 执行用例编号: IPCWeb-API-testcase__013
2023-03-08 17:04:28,267 - [test_ipc_web_api.py -->ling:88] - WARNING: 用例断言成功!
2023-03-08 17:04:28,268 - [test_ipc_web_api.py -->ling:60] - INFO: 执行用例编号: IPCWeb-API-testcase__014
2023-03-08 17:04:28,288 - [test_ipc_web_api.py -->ling:60] - INFO: 执行用例编号: IPCWeb-API-testcase__015
2023-03-08 17:04:29,568 - [test_ipc_web_api.py -->ling:88] - WARNING: 用例断言成功!
2023-03-08 17:04:29,570 - [test_ipc_web_api.py -->ling:60] - INFO: 执行用例编号: IPCWeb-API-testcase__016
2023-03-08 17:04:30,846 - [test_ipc_web_api.py -->ling:88] - WARNING: 用例断言成功!
2023-03-08 17:04:30,848 - [test_ipc_web_api.py -->ling:60] - INFO: 执行用例编号: IPCWeb-API-testcase__017
2023-03-08 17:04:32,120 - [test_ipc_web_api.py -->ling:88] - WARNING: 用例断言成功!
2023-03-08 17:04:32,121 - [test_ipc_web_api.py -->ling:60] - INFO: 执行用例编号: IPCWeb-API-testcase__018
2023-03-08 17:04:32,402 - [test_ipc_web_api.py -->ling:88] - WARNING: 用例断言成功!
2023-03-08 17:04:32,403 - [test_ipc_web_api.py -->ling:60] - INFO: 执行用例编号: IPCWeb-API-testcase__019
2023-03-08 17:04:32,685 - [test_ipc_web_api.py -->ling:88] - WARNING: 用例断言成功!
2023-03-08 17:04:32,687 - [test_ipc_web_api.py -->ling:60] - INFO: 执行用例编号: IPCWeb-API-testcase__020
2023-03-08 17:04:33,955 - [test_ipc_web_api.py -->ling:88] - WARNING: 用例断言成功!
2023-03-08 17:04:33,956 - [test_ipc_web_api.py -->ling:60] - INFO: 执行用例编号: IPCWeb-API-testcase__021
2023-03-08 17:04:34,239 - [test_ipc_web_api.py -->ling:88] - WARNING: 用例断言成功!
2023-03-08 17:04:34,241 - [test_ipc_web_api.py -->ling:60] - INFO: 执行用例编号: IPCWeb-API-testcase__022
2023-03-08 17:04:35,531 - [test_ipc_web_api.py -->ling:88] - WARNING: 用例断言成功!
2023-03-08 17:04:35,533 - [test_ipc_web_api.py -->ling:60] - INFO: 执行用例编号: IPCWeb-API-testcase__023
2023-03-08 17:04:36,865 - [test_ipc_web_api.py -->ling:88] - WARNING: 用例断言成功!
2023-03-08 17:04:36,866 - [test_ipc_web_api.py -->ling:60] - INFO: 执行用例编号: IPCWeb-API-testcase__024
2023-03-08 17:04:38,134 - [test_ipc_web_api.py -->ling:88] - WARNING: 用例断言成功!
2023-03-08 17:04:38,136 - [test_ipc_web_api.py -->ling:60] - INFO: 执行用例编号: IPCWeb-API-testcase__025
2023-03-08 17:04:39,472 - [test_ipc_web_api.py -->ling:88] - WARNING: 用例断言成功!
2023-03-08 17:04:39,476 - [test_ipc_web_api.py -->ling:60] - INFO: 执行用例编号: IPCWeb-API-testcase__026
2023-03-08 17:04:40,811 - [test_ipc_web_api.py -->ling:88] - WARNING: 用例断言成功!
2023-03-08 17:04:40,813 - [test_ipc_web_api.py -->ling:60] - INFO: 执行用例编号: IPCWeb-API-testcase__027
2023-03-08 17:04:42,156 - [test_ipc_web_api.py -->ling:88] - WARNING: 用例断言成功!
2023-03-08 17:04:42,157 - [test_ipc_web_api.py -->ling:60] - INFO: 执行用例编号: IPCWeb-API-testcase__028
2023-03-08 17:04:43,513 - [test_ipc_web_api.py -->ling:88] - WARNING: 用例断言成功!
2023-03-08 17:04:43,514 - [test_ipc_web_api.py -->ling:60] - INFO: 执行用例编号: IPCWeb-API-testcase__029
2023-03-08 17:04:44,891 - [test_ipc_web_api.py -->ling:88] - WARNING: 用例断言成功!
2023-03-08 17:04:44,892 - [test_ipc_web_api.py -->ling:60] - INFO: 执行用例编号: IPCWeb-API-testcase__030
2023-03-08 17:04:45,275 - [test_ipc_web_api.py -->ling:88] - WARNING: 用例断言成功!
2023-03-08 17:04:45,276 - [test_ipc_web_api.py -->ling:60] - INFO: 执行用例编号: IPCWeb-API-testcase__031
2023-03-08 17:04:46,625 - [test_ipc_web_api.py -->ling:88] - WARNING: 用例断言成功!
2023-03-08 17:04:46,627 - [test_ipc_web_api.py -->ling:60] - INFO: 执行用例编号: IPCWeb-API-testcase__032
2023-03-08 17:04:47,921 - [test_ipc_web_api.py -->ling:88] - WARNING: 用例断言成功!
2023-03-08 17:04:47,922 - [test_ipc_web_api.py -->ling:60] - INFO: 执行用例编号: IPCWeb-API-testcase__033
2023-03-08 17:04:48,250 - [test_ipc_web_api.py -->ling:88] - WARNING: 用例断言成功!
2023-03-08 17:04:48,254 - [test_ipc_web_api.py -->ling:60] - INFO: 执行用例编号: IPCWeb-API-testcase__034
2023-03-08 17:04:49,627 - [test_ipc_web_api.py -->ling:88] - WARNING: 用例断言成功!
2023-03-08 17:04:49,629 - [test_ipc_web_api.py -->ling:60] - INFO: 执行用例编号: IPCWeb-API-testcase__035
2023-03-08 17:04:50,914 - [test_ipc_web_api.py -->ling:88] - WARNING: 用例断言成功!
2023-03-08 17:04:50,915 - [test_ipc_web_api.py -->ling:60] - INFO: 执行用例编号: IPCWeb-API-testcase__036
2023-03-08 17:04:52,312 - [test_ipc_web_api.py -->ling:88] - WARNING: 用例断言成功!
2023-03-08 17:04:52,313 - [test_ipc_web_api.py -->ling:60] - INFO: 执行用例编号: IPCWeb-API-testcase__037
2023-03-08 17:04:53,689 - [test_ipc_web_api.py -->ling:88] - WARNING: 用例断言成功!
2023-03-08 17:04:53,690 - [test_ipc_web_api.py -->ling:60] - INFO: 执行用例编号: IPCWeb-API-testcase__038
2023-03-08 17:04:53,982 - [test_ipc_web_api.py -->ling:88] - WARNING: 用例断言成功!
2023-03-08 17:04:53,984 - [test_ipc_web_api.py -->ling:60] - INFO: 执行用例编号: IPCWeb-API-testcase__039
2023-03-08 17:04:55,308 - [test_ipc_web_api.py -->ling:88] - WARNING: 用例断言成功!
2023-03-08 17:04:55,309 - [test_ipc_web_api.py -->ling:60] - INFO: 执行用例编号: IPCWeb-API-testcase__040
2023-03-08 17:04:56,613 - [test_ipc_web_api.py -->ling:88] - WARNING: 用例断言成功!
2023-03-08 17:04:56,614 - [test_ipc_web_api.py -->ling:60] - INFO: 执行用例编号: IPCWeb-API-testcase__041
2023-03-08 17:04:57,903 - [test_ipc_web_api.py -->ling:88] - WARNING: 用例断言成功!
2023-03-08 17:04:57,905 - [test_ipc_web_api.py -->ling:60] - INFO: 执行用例编号: IPCWeb-API-testcase__042
2023-03-08 17:04:59,289 - [test_ipc_web_api.py -->ling:88] - WARNING: 用例断言成功!
2023-03-08 17:04:59,291 - [test_ipc_web_api.py -->ling:60] - INFO: 执行用例编号: IPCWeb-API-testcase__043
2023-03-08 17:05:00,578 - [test_ipc_web_api.py -->ling:88] - WARNING: 用例断言成功!
2023-03-08 17:05:00,579 - [test_ipc_web_api.py -->ling:60] - INFO: 执行用例编号: IPCWeb-API-testcase__044
2023-03-08 17:05:01,933 - [test_ipc_web_api.py -->ling:88] - WARNING: 用例断言成功!
2023-03-08 17:05:01,935 - [test_ipc_web_api.py -->ling:60] - INFO: 执行用例编号: IPCWeb-API-testcase__045
2023-03-08 17:05:03,309 - [test_ipc_web_api.py -->ling:88] - WARNING: 用例断言成功!
2023-03-08 17:05:03,310 - [test_ipc_web_api.py -->ling:60] - INFO: 执行用例编号: IPCWeb-API-testcase__046
2023-03-08 17:05:04,652 - [test_ipc_web_api.py -->ling:88] - WARNING: 用例断言成功!
2023-03-08 17:05:04,653 - [test_ipc_web_api.py -->ling:60] - INFO: 执行用例编号: IPCWeb-API-testcase__047
2023-03-08 17:05:05,978 - [test_ipc_web_api.py -->ling:88] - WARNING: 用例断言成功!
2023-03-08 17:05:05,979 - [test_ipc_web_api.py -->ling:60] - INFO: 执行用例编号: IPCWeb-API-testcase__048
2023-03-08 17:05:07,314 - [test_ipc_web_api.py -->ling:88] - WARNING: 用例断言成功!
2023-03-08 17:05:07,460 - [run_main.py -->ling:29] - INFO: 测试套件执行结束.
2023-03-08 17:06:46,982 - [run_main.py -->ling:27] - INFO: 开始执行测试套件.
2023-03-08 17:06:48,016 - [test_ipc_web_api.py -->ling:42] - INFO: 获取魔镜token: 4550DFEB-CE36-3844-9898-18C300090A77
2023-03-08 17:06:48,017 - [test_ipc_web_api.py -->ling:60] - INFO: 执行用例编号: IPCWeb-API-testcase__002
2023-03-08 17:06:49,079 - [test_ipc_web_api.py -->ling:90] - WARNING: 用例断言失败!
2023-03-08 17:06:49,167 - [test_ipc_web_api.py -->ling:60] - INFO: 执行用例编号: IPCWeb-API-testcase__003
2023-03-08 17:06:50,238 - [test_ipc_web_api.py -->ling:90] - WARNING: 用例断言失败!
2023-03-08 17:06:50,299 - [test_ipc_web_api.py -->ling:60] - INFO: 执行用例编号: IPCWeb-API-testcase__004
2023-03-08 17:06:51,362 - [test_ipc_web_api.py -->ling:90] - WARNING: 用例断言失败!
2023-03-08 17:06:51,425 - [test_ipc_web_api.py -->ling:60] - INFO: 执行用例编号: IPCWeb-API-testcase__005
2023-03-08 17:06:52,507 - [test_ipc_web_api.py -->ling:90] - WARNING: 用例断言失败!
2023-03-08 17:06:52,589 - [test_ipc_web_api.py -->ling:60] - INFO: 执行用例编号: IPCWeb-API-testcase__006
2023-03-08 17:06:53,655 - [test_ipc_web_api.py -->ling:90] - WARNING: 用例断言失败!
2023-03-08 17:06:53,727 - [test_ipc_web_api.py -->ling:60] - INFO: 执行用例编号: IPCWeb-API-testcase__007
2023-03-08 17:06:54,788 - [test_ipc_web_api.py -->ling:90] - WARNING: 用例断言失败!
2023-03-08 17:06:54,846 - [test_ipc_web_api.py -->ling:60] - INFO: 执行用例编号: IPCWeb-API-testcase__008
2023-03-08 17:06:55,925 - [test_ipc_web_api.py -->ling:90] - WARNING: 用例断言失败!
2023-03-08 17:06:55,995 - [test_ipc_web_api.py -->ling:60] - INFO: 执行用例编号: IPCWeb-API-testcase__009
2023-03-08 17:06:57,058 - [test_ipc_web_api.py -->ling:90] - WARNING: 用例断言失败!
2023-03-08 17:06:57,125 - [test_ipc_web_api.py -->ling:60] - INFO: 执行用例编号: IPCWeb-API-testcase__010
2023-03-08 17:06:58,190 - [test_ipc_web_api.py -->ling:90] - WARNING: 用例断言失败!
2023-03-08 17:06:58,256 - [test_ipc_web_api.py -->ling:60] - INFO: 执行用例编号: IPCWeb-API-testcase__011
2023-03-08 17:06:58,316 - [test_ipc_web_api.py -->ling:90] - WARNING: 用例断言失败!
2023-03-08 17:06:58,376 - [test_ipc_web_api.py -->ling:60] - INFO: 执行用例编号: IPCWeb-API-testcase__012
2023-03-08 17:06:59,451 - [test_ipc_web_api.py -->ling:90] - WARNING: 用例断言失败!
2023-03-08 17:06:59,523 - [test_ipc_web_api.py -->ling:60] - INFO: 执行用例编号: IPCWeb-API-testcase__013
2023-03-08 17:07:00,600 - [test_ipc_web_api.py -->ling:90] - WARNING: 用例断言失败!
2023-03-08 17:07:00,676 - [test_ipc_web_api.py -->ling:60] - INFO: 执行用例编号: IPCWeb-API-testcase__014
2023-03-08 17:07:00,685 - [test_ipc_web_api.py -->ling:60] - INFO: 执行用例编号: IPCWeb-API-testcase__015
2023-03-08 17:07:01,756 - [test_ipc_web_api.py -->ling:90] - WARNING: 用例断言失败!
2023-03-08 17:07:01,815 - [test_ipc_web_api.py -->ling:60] - INFO: 执行用例编号: IPCWeb-API-testcase__016
2023-03-08 17:07:02,890 - [test_ipc_web_api.py -->ling:90] - WARNING: 用例断言失败!
2023-03-08 17:07:02,961 - [test_ipc_web_api.py -->ling:60] - INFO: 执行用例编号: IPCWeb-API-testcase__017
2023-03-08 17:07:04,043 - [test_ipc_web_api.py -->ling:90] - WARNING: 用例断言失败!
2023-03-08 17:07:04,148 - [test_ipc_web_api.py -->ling:60] - INFO: 执行用例编号: IPCWeb-API-testcase__018
2023-03-08 17:07:05,211 - [test_ipc_web_api.py -->ling:90] - WARNING: 用例断言失败!
2023-03-08 17:07:05,290 - [test_ipc_web_api.py -->ling:60] - INFO: 执行用例编号: IPCWeb-API-testcase__019
2023-03-08 17:07:06,362 - [test_ipc_web_api.py -->ling:90] - WARNING: 用例断言失败!
2023-03-08 17:07:06,432 - [test_ipc_web_api.py -->ling:60] - INFO: 执行用例编号: IPCWeb-API-testcase__020
2023-03-08 17:07:07,511 - [test_ipc_web_api.py -->ling:90] - WARNING: 用例断言失败!
2023-03-08 17:07:07,575 - [test_ipc_web_api.py -->ling:60] - INFO: 执行用例编号: IPCWeb-API-testcase__021
2023-03-08 17:07:08,641 - [test_ipc_web_api.py -->ling:90] - WARNING: 用例断言失败!
2023-03-08 17:07:08,710 - [test_ipc_web_api.py -->ling:60] - INFO: 执行用例编号: IPCWeb-API-testcase__022
2023-03-08 17:07:09,767 - [test_ipc_web_api.py -->ling:90] - WARNING: 用例断言失败!
2023-03-08 17:07:09,826 - [test_ipc_web_api.py -->ling:60] - INFO: 执行用例编号: IPCWeb-API-testcase__023
2023-03-08 17:07:10,886 - [test_ipc_web_api.py -->ling:90] - WARNING: 用例断言失败!
2023-03-08 17:07:10,946 - [test_ipc_web_api.py -->ling:60] - INFO: 执行用例编号: IPCWeb-API-testcase__024
2023-03-08 17:07:12,010 - [test_ipc_web_api.py -->ling:90] - WARNING: 用例断言失败!
2023-03-08 17:07:12,072 - [test_ipc_web_api.py -->ling:60] - INFO: 执行用例编号: IPCWeb-API-testcase__025
2023-03-08 17:07:13,137 - [test_ipc_web_api.py -->ling:90] - WARNING: 用例断言失败!
2023-03-08 17:07:13,206 - [test_ipc_web_api.py -->ling:60] - INFO: 执行用例编号: IPCWeb-API-testcase__026
2023-03-08 17:07:14,277 - [test_ipc_web_api.py -->ling:90] - WARNING: 用例断言失败!
2023-03-08 17:07:14,338 - [test_ipc_web_api.py -->ling:60] - INFO: 执行用例编号: IPCWeb-API-testcase__027
2023-03-08 17:07:15,396 - [test_ipc_web_api.py -->ling:90] - WARNING: 用例断言失败!
2023-03-08 17:07:15,457 - [test_ipc_web_api.py -->ling:60] - INFO: 执行用例编号: IPCWeb-API-testcase__028
2023-03-08 17:07:16,518 - [test_ipc_web_api.py -->ling:90] - WARNING: 用例断言失败!
2023-03-08 17:07:16,579 - [test_ipc_web_api.py -->ling:60] - INFO: 执行用例编号: IPCWeb-API-testcase__029
2023-03-08 17:07:17,647 - [test_ipc_web_api.py -->ling:90] - WARNING: 用例断言失败!
2023-03-08 17:07:17,708 - [test_ipc_web_api.py -->ling:60] - INFO: 执行用例编号: IPCWeb-API-testcase__030
2023-03-08 17:07:18,770 - [test_ipc_web_api.py -->ling:90] - WARNING: 用例断言失败!
2023-03-08 17:07:18,833 - [test_ipc_web_api.py -->ling:60] - INFO: 执行用例编号: IPCWeb-API-testcase__031
2023-03-08 17:07:19,910 - [test_ipc_web_api.py -->ling:90] - WARNING: 用例断言失败!
2023-03-08 17:07:19,971 - [test_ipc_web_api.py -->ling:60] - INFO: 执行用例编号: IPCWeb-API-testcase__032
2023-03-08 17:07:21,037 - [test_ipc_web_api.py -->ling:90] - WARNING: 用例断言失败!
2023-03-08 17:07:21,098 - [test_ipc_web_api.py -->ling:60] - INFO: 执行用例编号: IPCWeb-API-testcase__033
2023-03-08 17:07:22,157 - [test_ipc_web_api.py -->ling:90] - WARNING: 用例断言失败!
2023-03-08 17:07:22,219 - [test_ipc_web_api.py -->ling:60] - INFO: 执行用例编号: IPCWeb-API-testcase__034
2023-03-08 17:07:23,278 - [test_ipc_web_api.py -->ling:90] - WARNING: 用例断言失败!
2023-03-08 17:07:23,341 - [test_ipc_web_api.py -->ling:60] - INFO: 执行用例编号: IPCWeb-API-testcase__035
2023-03-08 17:07:24,405 - [test_ipc_web_api.py -->ling:90] - WARNING: 用例断言失败!
2023-03-08 17:07:24,466 - [test_ipc_web_api.py -->ling:60] - INFO: 执行用例编号: IPCWeb-API-testcase__036
2023-03-08 17:07:25,554 - [test_ipc_web_api.py -->ling:90] - WARNING: 用例断言失败!
2023-03-08 17:07:25,623 - [test_ipc_web_api.py -->ling:60] - INFO: 执行用例编号: IPCWeb-API-testcase__037
2023-03-08 17:07:26,687 - [test_ipc_web_api.py -->ling:90] - WARNING: 用例断言失败!
2023-03-08 17:07:26,747 - [test_ipc_web_api.py -->ling:60] - INFO: 执行用例编号: IPCWeb-API-testcase__038
2023-03-08 17:07:27,808 - [test_ipc_web_api.py -->ling:90] - WARNING: 用例断言失败!
2023-03-08 17:07:27,873 - [test_ipc_web_api.py -->ling:60] - INFO: 执行用例编号: IPCWeb-API-testcase__039
2023-03-08 17:07:28,940 - [test_ipc_web_api.py -->ling:90] - WARNING: 用例断言失败!
2023-03-08 17:07:29,001 - [test_ipc_web_api.py -->ling:60] - INFO: 执行用例编号: IPCWeb-API-testcase__040
2023-03-08 17:07:30,069 - [test_ipc_web_api.py -->ling:90] - WARNING: 用例断言失败!
2023-03-08 17:07:30,129 - [test_ipc_web_api.py -->ling:60] - INFO: 执行用例编号: IPCWeb-API-testcase__041
2023-03-08 17:07:31,191 - [test_ipc_web_api.py -->ling:90] - WARNING: 用例断言失败!
2023-03-08 17:07:31,257 - [test_ipc_web_api.py -->ling:60] - INFO: 执行用例编号: IPCWeb-API-testcase__042
2023-03-08 17:07:32,351 - [test_ipc_web_api.py -->ling:90] - WARNING: 用例断言失败!
2023-03-08 17:07:32,425 - [test_ipc_web_api.py -->ling:60] - INFO: 执行用例编号: IPCWeb-API-testcase__043
2023-03-08 17:07:33,505 - [test_ipc_web_api.py -->ling:90] - WARNING: 用例断言失败!
2023-03-08 17:07:33,572 - [test_ipc_web_api.py -->ling:60] - INFO: 执行用例编号: IPCWeb-API-testcase__044
2023-03-08 17:07:34,643 - [test_ipc_web_api.py -->ling:90] - WARNING: 用例断言失败!
2023-03-08 17:07:34,710 - [test_ipc_web_api.py -->ling:60] - INFO: 执行用例编号: IPCWeb-API-testcase__045
2023-03-08 17:07:35,792 - [test_ipc_web_api.py -->ling:90] - WARNING: 用例断言失败!
2023-03-08 17:07:35,868 - [test_ipc_web_api.py -->ling:60] - INFO: 执行用例编号: IPCWeb-API-testcase__046
2023-03-08 17:07:36,948 - [test_ipc_web_api.py -->ling:90] - WARNING: 用例断言失败!
2023-03-08 17:07:37,040 - [test_ipc_web_api.py -->ling:60] - INFO: 执行用例编号: IPCWeb-API-testcase__047
2023-03-08 17:07:38,105 - [test_ipc_web_api.py -->ling:90] - WARNING: 用例断言失败!
2023-03-08 17:07:38,177 - [test_ipc_web_api.py -->ling:60] - INFO: 执行用例编号: IPCWeb-API-testcase__048
2023-03-08 17:07:39,239 - [test_ipc_web_api.py -->ling:90] - WARNING: 用例断言失败!
2023-03-08 17:07:39,359 - [run_main.py -->ling:29] - INFO: 测试套件执行结束.
2023-03-08 17:08:27,698 - [run_main.py -->ling:27] - INFO: 开始执行测试套件.
2023-03-08 17:08:28,718 - [test_ipc_web_api.py -->ling:42] - INFO: 获取魔镜token: 3B9763F3-1FA4-C64D-A09E-F2D00D462A7F
2023-03-08 17:08:28,718 - [test_ipc_web_api.py -->ling:60] - INFO: 执行用例编号: IPCWeb-API-testcase__002
2023-03-08 17:08:29,869 - [test_ipc_web_api.py -->ling:88] - WARNING: 用例断言成功!
2023-03-08 17:08:29,869 - [test_ipc_web_api.py -->ling:60] - INFO: 执行用例编号: IPCWeb-API-testcase__003
2023-03-08 17:08:30,979 - [test_ipc_web_api.py -->ling:88] - WARNING: 用例断言成功!
2023-03-08 17:08:30,979 - [test_ipc_web_api.py -->ling:60] - INFO: 执行用例编号: IPCWeb-API-testcase__004
2023-03-08 17:08:32,099 - [test_ipc_web_api.py -->ling:88] - WARNING: 用例断言成功!
2023-03-08 17:08:32,099 - [test_ipc_web_api.py -->ling:60] - INFO: 执行用例编号: IPCWeb-API-testcase__005
2023-03-08 17:08:33,209 - [test_ipc_web_api.py -->ling:88] - WARNING: 用例断言成功!
2023-03-08 17:08:33,210 - [test_ipc_web_api.py -->ling:60] - INFO: 执行用例编号: IPCWeb-API-testcase__006
2023-03-08 17:08:34,331 - [test_ipc_web_api.py -->ling:88] - WARNING: 用例断言成功!
2023-03-08 17:08:34,331 - [test_ipc_web_api.py -->ling:60] - INFO: 执行用例编号: IPCWeb-API-testcase__007
2023-03-08 17:08:35,450 - [test_ipc_web_api.py -->ling:88] - WARNING: 用例断言成功!
2023-03-08 17:08:35,450 - [test_ipc_web_api.py -->ling:60] - INFO: 执行用例编号: IPCWeb-API-testcase__008
2023-03-08 17:08:36,570 - [test_ipc_web_api.py -->ling:88] - WARNING: 用例断言成功!
2023-03-08 17:08:36,571 - [test_ipc_web_api.py -->ling:60] - INFO: 执行用例编号: IPCWeb-API-testcase__009
2023-03-08 17:08:37,688 - [test_ipc_web_api.py -->ling:88] - WARNING: 用例断言成功!
2023-03-08 17:08:37,688 - [test_ipc_web_api.py -->ling:60] - INFO: 执行用例编号: IPCWeb-API-testcase__010
2023-03-08 17:08:38,807 - [test_ipc_web_api.py -->ling:88] - WARNING: 用例断言成功!
2023-03-08 17:08:38,807 - [test_ipc_web_api.py -->ling:60] - INFO: 执行用例编号: IPCWeb-API-testcase__011
2023-03-08 17:08:38,915 - [test_ipc_web_api.py -->ling:88] - WARNING: 用例断言成功!
2023-03-08 17:08:38,916 - [test_ipc_web_api.py -->ling:60] - INFO: 执行用例编号: IPCWeb-API-testcase__012
2023-03-08 17:08:39,025 - [test_ipc_web_api.py -->ling:88] - WARNING: 用例断言成功!
2023-03-08 17:08:39,025 - [test_ipc_web_api.py -->ling:60] - INFO: 执行用例编号: IPCWeb-API-testcase__013
2023-03-08 17:08:40,148 - [test_ipc_web_api.py -->ling:88] - WARNING: 用例断言成功!
2023-03-08 17:08:40,148 - [test_ipc_web_api.py -->ling:60] - INFO: 执行用例编号: IPCWeb-API-testcase__014
2023-03-08 17:08:40,158 - [test_ipc_web_api.py -->ling:60] - INFO: 执行用例编号: IPCWeb-API-testcase__015
2023-03-08 17:08:41,269 - [test_ipc_web_api.py -->ling:88] - WARNING: 用例断言成功!
2023-03-08 17:08:41,269 - [test_ipc_web_api.py -->ling:60] - INFO: 执行用例编号: IPCWeb-API-testcase__016
2023-03-08 17:08:42,389 - [test_ipc_web_api.py -->ling:88] - WARNING: 用例断言成功!
2023-03-08 17:08:42,389 - [test_ipc_web_api.py -->ling:60] - INFO: 执行用例编号: IPCWeb-API-testcase__017
2023-03-08 17:08:43,528 - [test_ipc_web_api.py -->ling:88] - WARNING: 用例断言成功!
2023-03-08 17:08:43,528 - [test_ipc_web_api.py -->ling:60] - INFO: 执行用例编号: IPCWeb-API-testcase__018
2023-03-08 17:08:44,637 - [test_ipc_web_api.py -->ling:88] - WARNING: 用例断言成功!
2023-03-08 17:08:44,637 - [test_ipc_web_api.py -->ling:60] - INFO: 执行用例编号: IPCWeb-API-testcase__019
2023-03-08 17:08:44,758 - [test_ipc_web_api.py -->ling:88] - WARNING: 用例断言成功!
2023-03-08 17:08:44,759 - [test_ipc_web_api.py -->ling:60] - INFO: 执行用例编号: IPCWeb-API-testcase__020
2023-03-08 17:08:45,878 - [test_ipc_web_api.py -->ling:88] - WARNING: 用例断言成功!
2023-03-08 17:08:45,879 - [test_ipc_web_api.py -->ling:60] - INFO: 执行用例编号: IPCWeb-API-testcase__021
2023-03-08 17:08:46,997 - [test_ipc_web_api.py -->ling:88] - WARNING: 用例断言成功!
2023-03-08 17:08:46,997 - [test_ipc_web_api.py -->ling:60] - INFO: 执行用例编号: IPCWeb-API-testcase__022
2023-03-08 17:08:48,120 - [test_ipc_web_api.py -->ling:88] - WARNING: 用例断言成功!
2023-03-08 17:08:48,120 - [test_ipc_web_api.py -->ling:60] - INFO: 执行用例编号: IPCWeb-API-testcase__023
2023-03-08 17:08:49,239 - [test_ipc_web_api.py -->ling:88] - WARNING: 用例断言成功!
2023-03-08 17:08:49,239 - [test_ipc_web_api.py -->ling:60] - INFO: 执行用例编号: IPCWeb-API-testcase__024
2023-03-08 17:08:50,349 - [test_ipc_web_api.py -->ling:88] - WARNING: 用例断言成功!
2023-03-08 17:08:50,349 - [test_ipc_web_api.py -->ling:60] - INFO: 执行用例编号: IPCWeb-API-testcase__025
2023-03-08 17:08:51,472 - [test_ipc_web_api.py -->ling:88] - WARNING: 用例断言成功!
2023-03-08 17:08:51,472 - [test_ipc_web_api.py -->ling:60] - INFO: 执行用例编号: IPCWeb-API-testcase__026
2023-03-08 17:08:51,583 - [test_ipc_web_api.py -->ling:88] - WARNING: 用例断言成功!
2023-03-08 17:08:51,584 - [test_ipc_web_api.py -->ling:60] - INFO: 执行用例编号: IPCWeb-API-testcase__027
2023-03-08 17:08:52,705 - [test_ipc_web_api.py -->ling:88] - WARNING: 用例断言成功!
2023-03-08 17:08:52,706 - [test_ipc_web_api.py -->ling:60] - INFO: 执行用例编号: IPCWeb-API-testcase__028
2023-03-08 17:08:53,828 - [test_ipc_web_api.py -->ling:88] - WARNING: 用例断言成功!
2023-03-08 17:08:53,828 - [test_ipc_web_api.py -->ling:60] - INFO: 执行用例编号: IPCWeb-API-testcase__029
2023-03-08 17:08:54,941 - [test_ipc_web_api.py -->ling:88] - WARNING: 用例断言成功!
2023-03-08 17:08:54,941 - [test_ipc_web_api.py -->ling:60] - INFO: 执行用例编号: IPCWeb-API-testcase__030
2023-03-08 17:08:56,059 - [test_ipc_web_api.py -->ling:88] - WARNING: 用例断言成功!
2023-03-08 17:08:56,059 - [test_ipc_web_api.py -->ling:60] - INFO: 执行用例编号: IPCWeb-API-testcase__031
2023-03-08 17:08:57,177 - [test_ipc_web_api.py -->ling:88] - WARNING: 用例断言成功!
2023-03-08 17:08:57,178 - [test_ipc_web_api.py -->ling:60] - INFO: 执行用例编号: IPCWeb-API-testcase__032
2023-03-08 17:08:58,289 - [test_ipc_web_api.py -->ling:88] - WARNING: 用例断言成功!
2023-03-08 17:08:58,289 - [test_ipc_web_api.py -->ling:60] - INFO: 执行用例编号: IPCWeb-API-testcase__033
2023-03-08 17:08:59,422 - [test_ipc_web_api.py -->ling:88] - WARNING: 用例断言成功!
2023-03-08 17:08:59,422 - [test_ipc_web_api.py -->ling:60] - INFO: 执行用例编号: IPCWeb-API-testcase__034
2023-03-08 17:09:00,538 - [test_ipc_web_api.py -->ling:88] - WARNING: 用例断言成功!
2023-03-08 17:09:00,538 - [test_ipc_web_api.py -->ling:60] - INFO: 执行用例编号: IPCWeb-API-testcase__035
2023-03-08 17:09:00,648 - [test_ipc_web_api.py -->ling:88] - WARNING: 用例断言成功!
2023-03-08 17:09:00,648 - [test_ipc_web_api.py -->ling:60] - INFO: 执行用例编号: IPCWeb-API-testcase__036
2023-03-08 17:09:01,787 - [test_ipc_web_api.py -->ling:88] - WARNING: 用例断言成功!
2023-03-08 17:09:01,787 - [test_ipc_web_api.py -->ling:60] - INFO: 执行用例编号: IPCWeb-API-testcase__037
2023-03-08 17:09:01,904 - [test_ipc_web_api.py -->ling:88] - WARNING: 用例断言成功!
2023-03-08 17:09:01,904 - [test_ipc_web_api.py -->ling:60] - INFO: 执行用例编号: IPCWeb-API-testcase__038
2023-03-08 17:09:02,012 - [test_ipc_web_api.py -->ling:88] - WARNING: 用例断言成功!
2023-03-08 17:09:02,012 - [test_ipc_web_api.py -->ling:60] - INFO: 执行用例编号: IPCWeb-API-testcase__039
2023-03-08 17:09:03,139 - [test_ipc_web_api.py -->ling:88] - WARNING: 用例断言成功!
2023-03-08 17:09:03,140 - [test_ipc_web_api.py -->ling:60] - INFO: 执行用例编号: IPCWeb-API-testcase__040
2023-03-08 17:09:04,262 - [test_ipc_web_api.py -->ling:88] - WARNING: 用例断言成功!
2023-03-08 17:09:04,262 - [test_ipc_web_api.py -->ling:60] - INFO: 执行用例编号: IPCWeb-API-testcase__041
2023-03-08 17:09:05,382 - [test_ipc_web_api.py -->ling:88] - WARNING: 用例断言成功!
2023-03-08 17:09:05,382 - [test_ipc_web_api.py -->ling:60] - INFO: 执行用例编号: IPCWeb-API-testcase__042
2023-03-08 17:09:05,492 - [test_ipc_web_api.py -->ling:88] - WARNING: 用例断言成功!
2023-03-08 17:09:05,492 - [test_ipc_web_api.py -->ling:60] - INFO: 执行用例编号: IPCWeb-API-testcase__043
2023-03-08 17:09:06,608 - [test_ipc_web_api.py -->ling:88] - WARNING: 用例断言成功!
2023-03-08 17:09:06,608 - [test_ipc_web_api.py -->ling:60] - INFO: 执行用例编号: IPCWeb-API-testcase__044
2023-03-08 17:09:07,730 - [test_ipc_web_api.py -->ling:88] - WARNING: 用例断言成功!
2023-03-08 17:09:07,730 - [test_ipc_web_api.py -->ling:60] - INFO: 执行用例编号: IPCWeb-API-testcase__045
2023-03-08 17:09:08,840 - [test_ipc_web_api.py -->ling:88] - WARNING: 用例断言成功!
2023-03-08 17:09:08,841 - [test_ipc_web_api.py -->ling:60] - INFO: 执行用例编号: IPCWeb-API-testcase__046
2023-03-08 17:09:09,963 - [test_ipc_web_api.py -->ling:88] - WARNING: 用例断言成功!
2023-03-08 17:09:09,963 - [test_ipc_web_api.py -->ling:60] - INFO: 执行用例编号: IPCWeb-API-testcase__047
2023-03-08 17:09:11,088 - [test_ipc_web_api.py -->ling:88] - WARNING: 用例断言成功!
2023-03-08 17:09:11,088 - [test_ipc_web_api.py -->ling:60] - INFO: 执行用例编号: IPCWeb-API-testcase__048
2023-03-08 17:09:12,210 - [test_ipc_web_api.py -->ling:88] - WARNING: 用例断言成功!
2023-03-08 17:09:12,266 - [run_main.py -->ling:29] - INFO: 测试套件执行结束.
2023-03-08 17:19:02,190 - [run_main.py -->ling:27] - INFO: 开始执行测试套件.
2023-03-08 17:19:02,217 - [test_ipc_web_api.py -->ling:42] - INFO: 获取魔镜token: C1A9E382-1A82-CA47-84CE-1BCA18D57F9A
2023-03-08 17:19:02,217 - [test_ipc_web_api.py -->ling:60] - INFO: 执行用例编号: IPCWeb-API-testcase__002
2023-03-08 17:19:02,325 - [test_ipc_web_api.py -->ling:60] - INFO: 执行用例编号: IPCWeb-API-testcase__003
2023-03-08 17:19:03,346 - [test_ipc_web_api.py -->ling:60] - INFO: 执行用例编号: IPCWeb-API-testcase__004
2023-03-08 17:19:04,364 - [test_ipc_web_api.py -->ling:60] - INFO: 执行用例编号: IPCWeb-API-testcase__005
2023-03-08 17:19:04,380 - [test_ipc_web_api.py -->ling:60] - INFO: 执行用例编号: IPCWeb-API-testcase__006
2023-03-08 17:19:04,386 - [test_ipc_web_api.py -->ling:60] - INFO: 执行用例编号: IPCWeb-API-testcase__007
2023-03-08 17:19:04,394 - [test_ipc_web_api.py -->ling:60] - INFO: 执行用例编号: IPCWeb-API-testcase__008
2023-03-08 17:19:05,404 - [test_ipc_web_api.py -->ling:60] - INFO: 执行用例编号: IPCWeb-API-testcase__009
2023-03-08 17:19:06,412 - [test_ipc_web_api.py -->ling:60] - INFO: 执行用例编号: IPCWeb-API-testcase__010
2023-03-08 17:19:07,452 - [test_ipc_web_api.py -->ling:60] - INFO: 执行用例编号: IPCWeb-API-testcase__011
2023-03-08 17:19:08,463 - [test_ipc_web_api.py -->ling:60] - INFO: 执行用例编号: IPCWeb-API-testcase__012
2023-03-08 17:19:09,482 - [test_ipc_web_api.py -->ling:60] - INFO: 执行用例编号: IPCWeb-API-testcase__013
2023-03-08 17:19:10,521 - [test_ipc_web_api.py -->ling:60] - INFO: 执行用例编号: IPCWeb-API-testcase__014
2023-03-08 17:19:10,530 - [test_ipc_web_api.py -->ling:60] - INFO: 执行用例编号: IPCWeb-API-testcase__015
2023-03-08 17:19:10,536 - [test_ipc_web_api.py -->ling:60] - INFO: 执行用例编号: IPCWeb-API-testcase__016
2023-03-08 17:19:11,553 - [test_ipc_web_api.py -->ling:60] - INFO: 执行用例编号: IPCWeb-API-testcase__017
2023-03-08 17:19:12,572 - [test_ipc_web_api.py -->ling:60] - INFO: 执行用例编号: IPCWeb-API-testcase__018
2023-03-08 17:19:13,583 - [test_ipc_web_api.py -->ling:60] - INFO: 执行用例编号: IPCWeb-API-testcase__019
2023-03-08 17:19:14,618 - [test_ipc_web_api.py -->ling:60] - INFO: 执行用例编号: IPCWeb-API-testcase__020
2023-03-08 17:19:14,627 - [test_ipc_web_api.py -->ling:60] - INFO: 执行用例编号: IPCWeb-API-testcase__021
2023-03-08 17:19:15,652 - [test_ipc_web_api.py -->ling:60] - INFO: 执行用例编号: IPCWeb-API-testcase__022
2023-03-08 17:19:15,662 - [test_ipc_web_api.py -->ling:60] - INFO: 执行用例编号: IPCWeb-API-testcase__023
2023-03-08 17:19:15,670 - [test_ipc_web_api.py -->ling:60] - INFO: 执行用例编号: IPCWeb-API-testcase__024
2023-03-08 17:19:15,676 - [test_ipc_web_api.py -->ling:60] - INFO: 执行用例编号: IPCWeb-API-testcase__025
2023-03-08 17:19:15,686 - [test_ipc_web_api.py -->ling:60] - INFO: 执行用例编号: IPCWeb-API-testcase__026
2023-03-08 17:19:16,712 - [test_ipc_web_api.py -->ling:60] - INFO: 执行用例编号: IPCWeb-API-testcase__027
2023-03-08 17:19:17,722 - [test_ipc_web_api.py -->ling:60] - INFO: 执行用例编号: IPCWeb-API-testcase__028
2023-03-08 17:19:18,732 - [test_ipc_web_api.py -->ling:60] - INFO: 执行用例编号: IPCWeb-API-testcase__029
2023-03-08 17:19:19,743 - [test_ipc_web_api.py -->ling:60] - INFO: 执行用例编号: IPCWeb-API-testcase__030
2023-03-08 17:19:20,752 - [test_ipc_web_api.py -->ling:60] - INFO: 执行用例编号: IPCWeb-API-testcase__031
2023-03-08 17:19:20,776 - [test_ipc_web_api.py -->ling:60] - INFO: 执行用例编号: IPCWeb-API-testcase__032
2023-03-08 17:19:20,787 - [test_ipc_web_api.py -->ling:60] - INFO: 执行用例编号: IPCWeb-API-testcase__033
2023-03-08 17:19:20,803 - [test_ipc_web_api.py -->ling:60] - INFO: 执行用例编号: IPCWeb-API-testcase__034
2023-03-08 17:19:21,813 - [test_ipc_web_api.py -->ling:60] - INFO: 执行用例编号: IPCWeb-API-testcase__035
2023-03-08 17:19:22,822 - [test_ipc_web_api.py -->ling:60] - INFO: 执行用例编号: IPCWeb-API-testcase__036
2023-03-08 17:19:22,834 - [test_ipc_web_api.py -->ling:60] - INFO: 执行用例编号: IPCWeb-API-testcase__037
2023-03-08 17:19:23,842 - [test_ipc_web_api.py -->ling:60] - INFO: 执行用例编号: IPCWeb-API-testcase__038
2023-03-08 17:19:24,865 - [test_ipc_web_api.py -->ling:60] - INFO: 执行用例编号: IPCWeb-API-testcase__039
2023-03-08 17:19:25,893 - [test_ipc_web_api.py -->ling:60] - INFO: 执行用例编号: IPCWeb-API-testcase__040
2023-03-08 17:19:26,914 - [test_ipc_web_api.py -->ling:60] - INFO: 执行用例编号: IPCWeb-API-testcase__041
2023-03-08 17:19:27,932 - [test_ipc_web_api.py -->ling:60] - INFO: 执行用例编号: IPCWeb-API-testcase__042
2023-03-08 17:19:28,942 - [test_ipc_web_api.py -->ling:60] - INFO: 执行用例编号: IPCWeb-API-testcase__043
2023-03-08 17:19:29,963 - [test_ipc_web_api.py -->ling:60] - INFO: 执行用例编号: IPCWeb-API-testcase__044
2023-03-08 17:19:30,973 - [test_ipc_web_api.py -->ling:60] - INFO: 执行用例编号: IPCWeb-API-testcase__045
2023-03-08 17:19:31,983 - [test_ipc_web_api.py -->ling:60] - INFO: 执行用例编号: IPCWeb-API-testcase__046
2023-03-08 17:19:32,993 - [test_ipc_web_api.py -->ling:60] - INFO: 执行用例编号: IPCWeb-API-testcase__047
2023-03-08 17:19:34,003 - [test_ipc_web_api.py -->ling:60] - INFO: 执行用例编号: IPCWeb-API-testcase__048
2023-03-08 17:19:34,014 - [run_main.py -->ling:29] - INFO: 测试套件执行结束.
